{"C:\\Users\\USER\\Desktop\\新增資料夾 (22)\\.eslintrc.cjs": {"path":"C:\\Users\\USER\\Desktop\\新增資料夾 (22)\\.eslintrc.cjs","all":true,"statementMap":{"0":{"start":{"line":1,"column":0},"end":{"line":1,"column":18}},"1":{"start":{"line":2,"column":0},"end":{"line":2,"column":13}},"2":{"start":{"line":3,"column":0},"end":{"line":3,"column":39}},"3":{"start":{"line":4,"column":0},"end":{"line":4,"column":12}},"4":{"start":{"line":5,"column":0},"end":{"line":5,"column":25}},"5":{"start":{"line":6,"column":0},"end":{"line":6,"column":44}},"6":{"start":{"line":7,"column":0},"end":{"line":7,"column":37}},"7":{"start":{"line":8,"column":0},"end":{"line":8,"column":4}},"8":{"start":{"line":9,"column":0},"end":{"line":9,"column":44}},"9":{"start":{"line":10,"column":0},"end":{"line":10,"column":38}},"10":{"start":{"line":11,"column":0},"end":{"line":11,"column":29}},"11":{"start":{"line":12,"column":0},"end":{"line":12,"column":10}},"12":{"start":{"line":13,"column":0},"end":{"line":13,"column":45}},"13":{"start":{"line":14,"column":0},"end":{"line":14,"column":13}},"14":{"start":{"line":15,"column":0},"end":{"line":15,"column":36}},"15":{"start":{"line":16,"column":0},"end":{"line":16,"column":6}},"16":{"start":{"line":17,"column":0},"end":{"line":17,"column":4}},"17":{"start":{"line":18,"column":0},"end":{"line":18,"column":1}}},"s":{"0":0,"1":0,"2":0,"3":0,"4":0,"5":0,"6":0,"7":0,"8":0,"9":0,"10":0,"11":0,"12":0,"13":0,"14":0,"15":0,"16":0,"17":0},"branchMap":{"0":{"type":"branch","line":1,"loc":{"start":{"line":1,"column":452},"end":{"line":18,"column":1}},"locations":[{"start":{"line":1,"column":452},"end":{"line":18,"column":1}}]}},"b":{"0":[0]},"fnMap":{"0":{"name":"(empty-report)","decl":{"start":{"line":1,"column":452},"end":{"line":18,"column":1}},"loc":{"start":{"line":1,"column":452},"end":{"line":18,"column":1}},"line":1}},"f":{"0":0}}
,"C:\\Users\\USER\\Desktop\\新增資料夾 (22)\\financial-risk-dashboard\\src\\data\\APIProcessor.ts": {"path":"C:\\Users\\USER\\Desktop\\新增資料夾 (22)\\financial-risk-dashboard\\src\\data\\APIProcessor.ts","all":false,"statementMap":{"0":{"start":{"line":1,"column":0},"end":{"line":1,"column":50}},"1":{"start":{"line":2,"column":0},"end":{"line":2,"column":55}},"2":{"start":{"line":3,"column":0},"end":{"line":3,"column":63}},"3":{"start":{"line":4,"column":0},"end":{"line":4,"column":49}},"4":{"start":{"line":5,"column":0},"end":{"line":5,"column":0}},"5":{"start":{"line":6,"column":0},"end":{"line":6,"column":27}},"6":{"start":{"line":7,"column":0},"end":{"line":7,"column":49}},"7":{"start":{"line":8,"column":0},"end":{"line":8,"column":0}},"8":{"start":{"line":9,"column":0},"end":{"line":9,"column":5}},"9":{"start":{"line":10,"column":0},"end":{"line":10,"column":48}},"10":{"start":{"line":11,"column":0},"end":{"line":11,"column":58}},"11":{"start":{"line":12,"column":0},"end":{"line":12,"column":59}},"12":{"start":{"line":13,"column":0},"end":{"line":13,"column":5}},"13":{"start":{"line":14,"column":0},"end":{"line":14,"column":45}},"14":{"start":{"line":15,"column":0},"end":{"line":15,"column":9}},"15":{"start":{"line":16,"column":0},"end":{"line":16,"column":48}},"16":{"start":{"line":17,"column":0},"end":{"line":17,"column":56}},"17":{"start":{"line":18,"column":0},"end":{"line":18,"column":23}},"18":{"start":{"line":19,"column":0},"end":{"line":19,"column":21}},"19":{"start":{"line":20,"column":0},"end":{"line":20,"column":44}},"20":{"start":{"line":21,"column":0},"end":{"line":21,"column":20}},"21":{"start":{"line":22,"column":0},"end":{"line":22,"column":7}},"22":{"start":{"line":23,"column":0},"end":{"line":23,"column":31}},"23":{"start":{"line":24,"column":0},"end":{"line":24,"column":96}},"24":{"start":{"line":25,"column":0},"end":{"line":25,"column":26}},"25":{"start":{"line":26,"column":0},"end":{"line":26,"column":77}},"26":{"start":{"line":27,"column":0},"end":{"line":27,"column":8}},"27":{"start":{"line":28,"column":0},"end":{"line":28,"column":5}},"28":{"start":{"line":29,"column":0},"end":{"line":29,"column":3}},"29":{"start":{"line":30,"column":0},"end":{"line":30,"column":0}},"30":{"start":{"line":31,"column":0},"end":{"line":31,"column":5}},"31":{"start":{"line":32,"column":0},"end":{"line":32,"column":39}},"32":{"start":{"line":33,"column":0},"end":{"line":33,"column":56}},"33":{"start":{"line":34,"column":0},"end":{"line":34,"column":48}},"34":{"start":{"line":35,"column":0},"end":{"line":35,"column":5}},"35":{"start":{"line":36,"column":0},"end":{"line":36,"column":56}},"36":{"start":{"line":37,"column":0},"end":{"line":37,"column":9}},"37":{"start":{"line":38,"column":0},"end":{"line":38,"column":58}},"38":{"start":{"line":39,"column":0},"end":{"line":39,"column":35}},"39":{"start":{"line":40,"column":0},"end":{"line":40,"column":43}},"40":{"start":{"line":41,"column":0},"end":{"line":41,"column":9}},"41":{"start":{"line":42,"column":0},"end":{"line":42,"column":0}},"42":{"start":{"line":43,"column":0},"end":{"line":43,"column":25}},"43":{"start":{"line":44,"column":0},"end":{"line":44,"column":75}},"44":{"start":{"line":45,"column":0},"end":{"line":45,"column":7}},"45":{"start":{"line":46,"column":0},"end":{"line":46,"column":0}},"46":{"start":{"line":47,"column":0},"end":{"line":47,"column":35}},"47":{"start":{"line":48,"column":0},"end":{"line":48,"column":21}},"48":{"start":{"line":49,"column":0},"end":{"line":49,"column":58}},"49":{"start":{"line":50,"column":0},"end":{"line":50,"column":48}},"50":{"start":{"line":51,"column":0},"end":{"line":51,"column":58}},"51":{"start":{"line":52,"column":0},"end":{"line":52,"column":32}},"52":{"start":{"line":53,"column":0},"end":{"line":53,"column":45}},"53":{"start":{"line":54,"column":0},"end":{"line":54,"column":7}},"54":{"start":{"line":55,"column":0},"end":{"line":55,"column":0}},"55":{"start":{"line":56,"column":0},"end":{"line":56,"column":30}},"56":{"start":{"line":57,"column":0},"end":{"line":57,"column":31}},"57":{"start":{"line":58,"column":0},"end":{"line":58,"column":75}},"58":{"start":{"line":59,"column":0},"end":{"line":59,"column":66}},"59":{"start":{"line":60,"column":0},"end":{"line":60,"column":11}},"60":{"start":{"line":61,"column":0},"end":{"line":61,"column":29}},"61":{"start":{"line":62,"column":0},"end":{"line":62,"column":10}},"62":{"start":{"line":63,"column":0},"end":{"line":63,"column":46}},"63":{"start":{"line":64,"column":0},"end":{"line":64,"column":81}},"64":{"start":{"line":65,"column":0},"end":{"line":65,"column":9}},"65":{"start":{"line":66,"column":0},"end":{"line":66,"column":8}},"66":{"start":{"line":67,"column":0},"end":{"line":67,"column":5}},"67":{"start":{"line":68,"column":0},"end":{"line":68,"column":3}},"68":{"start":{"line":69,"column":0},"end":{"line":69,"column":0}},"69":{"start":{"line":70,"column":0},"end":{"line":70,"column":5}},"70":{"start":{"line":71,"column":0},"end":{"line":71,"column":40}},"71":{"start":{"line":72,"column":0},"end":{"line":72,"column":56}},"72":{"start":{"line":73,"column":0},"end":{"line":73,"column":35}},"73":{"start":{"line":74,"column":0},"end":{"line":74,"column":5}},"74":{"start":{"line":75,"column":0},"end":{"line":75,"column":58}},"75":{"start":{"line":76,"column":0},"end":{"line":76,"column":53}},"76":{"start":{"line":77,"column":0},"end":{"line":77,"column":61}},"77":{"start":{"line":78,"column":0},"end":{"line":78,"column":3}},"78":{"start":{"line":79,"column":0},"end":{"line":79,"column":0}},"79":{"start":{"line":80,"column":0},"end":{"line":80,"column":5}},"80":{"start":{"line":81,"column":0},"end":{"line":81,"column":47}},"81":{"start":{"line":82,"column":0},"end":{"line":82,"column":38}},"82":{"start":{"line":83,"column":0},"end":{"line":83,"column":47}},"83":{"start":{"line":84,"column":0},"end":{"line":84,"column":5}},"84":{"start":{"line":85,"column":0},"end":{"line":85,"column":44}},"85":{"start":{"line":86,"column":0},"end":{"line":86,"column":59}},"86":{"start":{"line":87,"column":0},"end":{"line":87,"column":3}},"87":{"start":{"line":88,"column":0},"end":{"line":88,"column":0}},"88":{"start":{"line":89,"column":0},"end":{"line":89,"column":5}},"89":{"start":{"line":90,"column":0},"end":{"line":90,"column":41}},"90":{"start":{"line":91,"column":0},"end":{"line":91,"column":41}},"91":{"start":{"line":92,"column":0},"end":{"line":92,"column":37}},"92":{"start":{"line":93,"column":0},"end":{"line":93,"column":47}},"93":{"start":{"line":94,"column":0},"end":{"line":94,"column":5}},"94":{"start":{"line":95,"column":0},"end":{"line":95,"column":54}},"95":{"start":{"line":96,"column":0},"end":{"line":96,"column":9}},"96":{"start":{"line":97,"column":0},"end":{"line":97,"column":45}},"97":{"start":{"line":98,"column":0},"end":{"line":98,"column":21}},"98":{"start":{"line":99,"column":0},"end":{"line":99,"column":31}},"99":{"start":{"line":100,"column":0},"end":{"line":100,"column":102}},"100":{"start":{"line":101,"column":0},"end":{"line":101,"column":31}},"101":{"start":{"line":102,"column":0},"end":{"line":102,"column":77}},"102":{"start":{"line":103,"column":0},"end":{"line":103,"column":8}},"103":{"start":{"line":104,"column":0},"end":{"line":104,"column":5}},"104":{"start":{"line":105,"column":0},"end":{"line":105,"column":3}},"105":{"start":{"line":106,"column":0},"end":{"line":106,"column":0}},"106":{"start":{"line":107,"column":0},"end":{"line":107,"column":5}},"107":{"start":{"line":108,"column":0},"end":{"line":108,"column":52}},"108":{"start":{"line":109,"column":0},"end":{"line":109,"column":55}},"109":{"start":{"line":110,"column":0},"end":{"line":110,"column":48}},"110":{"start":{"line":111,"column":0},"end":{"line":111,"column":51}},"111":{"start":{"line":112,"column":0},"end":{"line":112,"column":5}},"112":{"start":{"line":113,"column":0},"end":{"line":113,"column":70}},"113":{"start":{"line":114,"column":0},"end":{"line":114,"column":37}},"114":{"start":{"line":115,"column":0},"end":{"line":115,"column":0}},"115":{"start":{"line":116,"column":0},"end":{"line":116,"column":76}},"116":{"start":{"line":117,"column":0},"end":{"line":117,"column":11}},"117":{"start":{"line":118,"column":0},"end":{"line":118,"column":33}},"118":{"start":{"line":119,"column":0},"end":{"line":119,"column":23}},"119":{"start":{"line":120,"column":0},"end":{"line":120,"column":80}},"120":{"start":{"line":121,"column":0},"end":{"line":121,"column":8}},"121":{"start":{"line":122,"column":0},"end":{"line":122,"column":50}},"122":{"start":{"line":123,"column":0},"end":{"line":123,"column":60}},"123":{"start":{"line":124,"column":0},"end":{"line":124,"column":34}},"124":{"start":{"line":125,"column":0},"end":{"line":125,"column":9}},"125":{"start":{"line":126,"column":0},"end":{"line":126,"column":7}},"126":{"start":{"line":127,"column":0},"end":{"line":127,"column":5}},"127":{"start":{"line":128,"column":0},"end":{"line":128,"column":0}},"128":{"start":{"line":129,"column":0},"end":{"line":129,"column":29}},"129":{"start":{"line":130,"column":0},"end":{"line":130,"column":111}},"130":{"start":{"line":131,"column":0},"end":{"line":131,"column":24}},"131":{"start":{"line":132,"column":0},"end":{"line":132,"column":8}},"132":{"start":{"line":133,"column":0},"end":{"line":133,"column":44}},"133":{"start":{"line":134,"column":0},"end":{"line":134,"column":60}},"134":{"start":{"line":135,"column":0},"end":{"line":135,"column":7}},"135":{"start":{"line":136,"column":0},"end":{"line":136,"column":6}},"136":{"start":{"line":137,"column":0},"end":{"line":137,"column":3}},"137":{"start":{"line":138,"column":0},"end":{"line":138,"column":1}}},"s":{"0":1,"1":1,"2":1,"3":1,"4":1,"5":1,"6":1,"7":1,"8":1,"9":1,"10":1,"11":1,"12":1,"13":1,"14":10,"15":10,"16":6,"17":6,"18":6,"19":6,"20":6,"21":6,"22":0,"23":6,"24":6,"25":6,"26":6,"27":6,"28":10,"29":1,"30":1,"31":1,"32":1,"33":1,"34":1,"35":1,"36":19,"37":19,"38":19,"39":19,"40":19,"41":16,"42":19,"43":10,"44":10,"45":6,"46":6,"47":19,"48":13,"49":13,"50":9,"51":9,"52":9,"53":9,"54":4,"55":4,"56":4,"57":4,"58":13,"59":13,"60":13,"61":13,"62":13,"63":13,"64":13,"65":13,"66":13,"67":19,"68":1,"69":1,"70":1,"71":1,"72":1,"73":1,"74":1,"75":14,"76":14,"77":14,"78":1,"79":1,"80":1,"81":1,"82":1,"83":1,"84":1,"85":14,"86":14,"87":1,"88":1,"89":1,"90":1,"91":1,"92":1,"93":1,"94":1,"95":6,"96":6,"97":6,"98":2,"99":2,"100":2,"101":2,"102":2,"103":2,"104":6,"105":1,"106":1,"107":1,"108":1,"109":1,"110":1,"111":1,"112":1,"113":4,"114":4,"115":4,"116":9,"117":9,"118":9,"119":7,"120":7,"121":7,"122":5,"123":5,"124":5,"125":7,"126":9,"127":2,"128":2,"129":4,"130":4,"131":4,"132":4,"133":4,"134":4,"135":4,"136":4,"137":1},"branchMap":{"0":{"type":"branch","line":7,"loc":{"start":{"line":7,"column":2},"end":{"line":7,"column":49}},"locations":[{"start":{"line":7,"column":2},"end":{"line":7,"column":49}}]},"1":{"type":"branch","line":14,"loc":{"start":{"line":14,"column":2},"end":{"line":29,"column":3}},"locations":[{"start":{"line":14,"column":2},"end":{"line":29,"column":3}}]},"2":{"type":"branch","line":16,"loc":{"start":{"line":16,"column":46},"end":{"line":28,"column":5}},"locations":[{"start":{"line":16,"column":46},"end":{"line":28,"column":5}}]},"3":{"type":"branch","line":22,"loc":{"start":{"line":22,"column":6},"end":{"line":24,"column":78}},"locations":[{"start":{"line":22,"column":6},"end":{"line":24,"column":78}}]},"4":{"type":"branch","line":24,"loc":{"start":{"line":24,"column":68},"end":{"line":24,"column":93}},"locations":[{"start":{"line":24,"column":68},"end":{"line":24,"column":93}}]},"5":{"type":"branch","line":26,"loc":{"start":{"line":26,"column":25},"end":{"line":26,"column":68}},"locations":[{"start":{"line":26,"column":25},"end":{"line":26,"column":68}}]},"6":{"type":"branch","line":26,"loc":{"start":{"line":26,"column":64},"end":{"line":26,"column":77}},"locations":[{"start":{"line":26,"column":64},"end":{"line":26,"column":77}}]},"7":{"type":"branch","line":36,"loc":{"start":{"line":36,"column":2},"end":{"line":68,"column":3}},"locations":[{"start":{"line":36,"column":2},"end":{"line":68,"column":3}}]},"8":{"type":"branch","line":40,"loc":{"start":{"line":40,"column":29},"end":{"line":40,"column":43}},"locations":[{"start":{"line":40,"column":29},"end":{"line":40,"column":43}}]},"9":{"type":"branch","line":41,"loc":{"start":{"line":41,"column":7},"end":{"line":43,"column":24}},"locations":[{"start":{"line":41,"column":7},"end":{"line":43,"column":24}}]},"10":{"type":"branch","line":43,"loc":{"start":{"line":43,"column":24},"end":{"line":45,"column":7}},"locations":[{"start":{"line":43,"column":24},"end":{"line":45,"column":7}}]},"11":{"type":"branch","line":45,"loc":{"start":{"line":45,"column":6},"end":{"line":48,"column":13}},"locations":[{"start":{"line":45,"column":6},"end":{"line":48,"column":13}}]},"12":{"type":"branch","line":48,"loc":{"start":{"line":48,"column":4},"end":{"line":67,"column":5}},"locations":[{"start":{"line":48,"column":4},"end":{"line":67,"column":5}}]},"13":{"type":"branch","line":50,"loc":{"start":{"line":50,"column":47},"end":{"line":54,"column":7}},"locations":[{"start":{"line":50,"column":47},"end":{"line":54,"column":7}}]},"14":{"type":"branch","line":54,"loc":{"start":{"line":54,"column":6},"end":{"line":59,"column":51}},"locations":[{"start":{"line":54,"column":6},"end":{"line":59,"column":51}}]},"15":{"type":"branch","line":59,"loc":{"start":{"line":59,"column":41},"end":{"line":59,"column":66}},"locations":[{"start":{"line":59,"column":41},"end":{"line":59,"column":66}}]},"16":{"type":"branch","line":64,"loc":{"start":{"line":64,"column":42},"end":{"line":64,"column":66}},"locations":[{"start":{"line":64,"column":42},"end":{"line":64,"column":66}}]},"17":{"type":"branch","line":64,"loc":{"start":{"line":64,"column":56},"end":{"line":64,"column":81}},"locations":[{"start":{"line":64,"column":56},"end":{"line":64,"column":81}}]},"18":{"type":"branch","line":75,"loc":{"start":{"line":75,"column":10},"end":{"line":78,"column":3}},"locations":[{"start":{"line":75,"column":10},"end":{"line":78,"column":3}}]},"19":{"type":"branch","line":85,"loc":{"start":{"line":85,"column":10},"end":{"line":87,"column":3}},"locations":[{"start":{"line":85,"column":10},"end":{"line":87,"column":3}}]},"20":{"type":"branch","line":86,"loc":{"start":{"line":86,"column":23},"end":{"line":86,"column":57}},"locations":[{"start":{"line":86,"column":23},"end":{"line":86,"column":57}}]},"21":{"type":"branch","line":95,"loc":{"start":{"line":95,"column":10},"end":{"line":105,"column":3}},"locations":[{"start":{"line":95,"column":10},"end":{"line":105,"column":3}}]},"22":{"type":"branch","line":98,"loc":{"start":{"line":98,"column":4},"end":{"line":104,"column":5}},"locations":[{"start":{"line":98,"column":4},"end":{"line":104,"column":5}}]},"23":{"type":"branch","line":100,"loc":{"start":{"line":100,"column":74},"end":{"line":100,"column":99}},"locations":[{"start":{"line":100,"column":74},"end":{"line":100,"column":99}}]},"24":{"type":"branch","line":102,"loc":{"start":{"line":102,"column":64},"end":{"line":102,"column":77}},"locations":[{"start":{"line":102,"column":64},"end":{"line":102,"column":77}}]},"25":{"type":"branch","line":113,"loc":{"start":{"line":113,"column":2},"end":{"line":137,"column":3}},"locations":[{"start":{"line":113,"column":2},"end":{"line":137,"column":3}}]},"26":{"type":"branch","line":116,"loc":{"start":{"line":116,"column":75},"end":{"line":127,"column":5}},"locations":[{"start":{"line":116,"column":75},"end":{"line":127,"column":5}}]},"27":{"type":"branch","line":119,"loc":{"start":{"line":119,"column":6},"end":{"line":126,"column":7}},"locations":[{"start":{"line":119,"column":6},"end":{"line":126,"column":7}}]},"28":{"type":"branch","line":120,"loc":{"start":{"line":120,"column":45},"end":{"line":120,"column":80}},"locations":[{"start":{"line":120,"column":45},"end":{"line":120,"column":80}}]},"29":{"type":"branch","line":122,"loc":{"start":{"line":122,"column":49},"end":{"line":125,"column":9}},"locations":[{"start":{"line":122,"column":49},"end":{"line":125,"column":9}}]},"30":{"type":"branch","line":127,"loc":{"start":{"line":127,"column":4},"end":{"line":130,"column":93}},"locations":[{"start":{"line":127,"column":4},"end":{"line":130,"column":93}}]},"31":{"type":"branch","line":130,"loc":{"start":{"line":130,"column":82},"end":{"line":130,"column":108}},"locations":[{"start":{"line":130,"column":82},"end":{"line":130,"column":108}}]},"32":{"type":"branch","line":134,"loc":{"start":{"line":134,"column":23},"end":{"line":134,"column":45}},"locations":[{"start":{"line":134,"column":23},"end":{"line":134,"column":45}}]},"33":{"type":"branch","line":134,"loc":{"start":{"line":134,"column":34},"end":{"line":134,"column":60}},"locations":[{"start":{"line":134,"column":34},"end":{"line":134,"column":60}}]}},"b":{"0":[13],"1":[10],"2":[6],"3":[0],"4":[0],"5":[0],"6":[0],"7":[19],"8":[3],"9":[16],"10":[10],"11":[6],"12":[13],"13":[9],"14":[4],"15":[0],"16":[4],"17":[0],"18":[14],"19":[14],"20":[14],"21":[6],"22":[2],"23":[0],"24":[0],"25":[4],"26":[9],"27":[7],"28":[0],"29":[5],"30":[2],"31":[0],"32":[2],"33":[0]},"fnMap":{"0":{"name":"APIProcessor","decl":{"start":{"line":7,"column":2},"end":{"line":7,"column":49}},"loc":{"start":{"line":7,"column":2},"end":{"line":7,"column":49}},"line":7},"1":{"name":"fetchData","decl":{"start":{"line":14,"column":2},"end":{"line":29,"column":3}},"loc":{"start":{"line":14,"column":2},"end":{"line":29,"column":3}},"line":14},"2":{"name":"makeRequest","decl":{"start":{"line":36,"column":2},"end":{"line":68,"column":3}},"loc":{"start":{"line":36,"column":2},"end":{"line":68,"column":3}},"line":36},"3":{"name":"calculateBackoffDelay","decl":{"start":{"line":75,"column":10},"end":{"line":78,"column":3}},"loc":{"start":{"line":75,"column":10},"end":{"line":78,"column":3}},"line":75},"4":{"name":"delay","decl":{"start":{"line":85,"column":10},"end":{"line":87,"column":3}},"loc":{"start":{"line":85,"column":10},"end":{"line":87,"column":3}},"line":85},"5":{"name":"validateResponse","decl":{"start":{"line":95,"column":10},"end":{"line":105,"column":3}},"loc":{"start":{"line":95,"column":10},"end":{"line":105,"column":3}},"line":95},"6":{"name":"retryWithBackoff","decl":{"start":{"line":113,"column":2},"end":{"line":137,"column":3}},"loc":{"start":{"line":113,"column":2},"end":{"line":137,"column":3}},"line":113}},"f":{"0":13,"1":10,"2":19,"3":14,"4":14,"5":6,"6":4}}
,"C:\\Users\\USER\\Desktop\\新增資料夾 (22)\\financial-risk-dashboard\\src\\data\\CSVProcessor.ts": {"path":"C:\\Users\\USER\\Desktop\\新增資料夾 (22)\\financial-risk-dashboard\\src\\data\\CSVProcessor.ts","all":false,"statementMap":{"0":{"start":{"line":1,"column":0},"end":{"line":1,"column":50}},"1":{"start":{"line":2,"column":0},"end":{"line":2,"column":29}},"2":{"start":{"line":3,"column":0},"end":{"line":3,"column":55}},"3":{"start":{"line":4,"column":0},"end":{"line":4,"column":46}},"4":{"start":{"line":5,"column":0},"end":{"line":5,"column":49}},"5":{"start":{"line":6,"column":0},"end":{"line":6,"column":0}},"6":{"start":{"line":7,"column":0},"end":{"line":7,"column":37}},"7":{"start":{"line":8,"column":0},"end":{"line":8,"column":14}},"8":{"start":{"line":9,"column":0},"end":{"line":9,"column":16}},"9":{"start":{"line":10,"column":0},"end":{"line":10,"column":18}},"10":{"start":{"line":11,"column":0},"end":{"line":11,"column":1}},"11":{"start":{"line":12,"column":0},"end":{"line":12,"column":0}},"12":{"start":{"line":13,"column":0},"end":{"line":13,"column":27}},"13":{"start":{"line":14,"column":0},"end":{"line":14,"column":5}},"14":{"start":{"line":15,"column":0},"end":{"line":15,"column":57}},"15":{"start":{"line":16,"column":0},"end":{"line":16,"column":40}},"16":{"start":{"line":17,"column":0},"end":{"line":17,"column":58}},"17":{"start":{"line":18,"column":0},"end":{"line":18,"column":58}},"18":{"start":{"line":19,"column":0},"end":{"line":19,"column":5}},"19":{"start":{"line":20,"column":0},"end":{"line":20,"column":55}},"20":{"start":{"line":21,"column":0},"end":{"line":21,"column":9}},"21":{"start":{"line":22,"column":0},"end":{"line":22,"column":79}},"22":{"start":{"line":23,"column":0},"end":{"line":23,"column":51}},"23":{"start":{"line":24,"column":0},"end":{"line":24,"column":6}},"24":{"start":{"line":25,"column":0},"end":{"line":25,"column":18}},"25":{"start":{"line":26,"column":0},"end":{"line":26,"column":39}},"26":{"start":{"line":27,"column":0},"end":{"line":27,"column":6}},"27":{"start":{"line":28,"column":0},"end":{"line":28,"column":22}},"28":{"start":{"line":29,"column":0},"end":{"line":29,"column":48}},"29":{"start":{"line":30,"column":0},"end":{"line":30,"column":6}},"30":{"start":{"line":31,"column":0},"end":{"line":31,"column":35}},"31":{"start":{"line":32,"column":0},"end":{"line":32,"column":43}},"32":{"start":{"line":33,"column":0},"end":{"line":33,"column":21}},"33":{"start":{"line":34,"column":0},"end":{"line":34,"column":44}},"34":{"start":{"line":35,"column":0},"end":{"line":35,"column":20}},"35":{"start":{"line":36,"column":0},"end":{"line":36,"column":7}},"36":{"start":{"line":37,"column":0},"end":{"line":37,"column":31}},"37":{"start":{"line":38,"column":0},"end":{"line":38,"column":96}},"38":{"start":{"line":39,"column":0},"end":{"line":39,"column":29}},"39":{"start":{"line":40,"column":0},"end":{"line":40,"column":77}},"40":{"start":{"line":41,"column":0},"end":{"line":41,"column":8}},"41":{"start":{"line":42,"column":0},"end":{"line":42,"column":5}},"42":{"start":{"line":43,"column":0},"end":{"line":43,"column":3}},"43":{"start":{"line":44,"column":0},"end":{"line":44,"column":0}},"44":{"start":{"line":45,"column":0},"end":{"line":45,"column":5}},"45":{"start":{"line":46,"column":0},"end":{"line":46,"column":66}},"46":{"start":{"line":47,"column":0},"end":{"line":47,"column":31}},"47":{"start":{"line":48,"column":0},"end":{"line":48,"column":52}},"48":{"start":{"line":49,"column":0},"end":{"line":49,"column":5}},"49":{"start":{"line":50,"column":0},"end":{"line":50,"column":62}},"50":{"start":{"line":51,"column":0},"end":{"line":51,"column":45}},"51":{"start":{"line":52,"column":0},"end":{"line":52,"column":38}},"52":{"start":{"line":53,"column":0},"end":{"line":53,"column":61}},"53":{"start":{"line":54,"column":0},"end":{"line":54,"column":50}},"54":{"start":{"line":55,"column":0},"end":{"line":55,"column":30}},"55":{"start":{"line":56,"column":0},"end":{"line":56,"column":7}},"56":{"start":{"line":57,"column":0},"end":{"line":57,"column":3}},"57":{"start":{"line":58,"column":0},"end":{"line":58,"column":0}},"58":{"start":{"line":59,"column":0},"end":{"line":59,"column":5}},"59":{"start":{"line":60,"column":0},"end":{"line":60,"column":45}},"60":{"start":{"line":61,"column":0},"end":{"line":61,"column":35}},"61":{"start":{"line":62,"column":0},"end":{"line":62,"column":41}},"62":{"start":{"line":63,"column":0},"end":{"line":63,"column":5}},"63":{"start":{"line":64,"column":0},"end":{"line":64,"column":41}},"64":{"start":{"line":65,"column":0},"end":{"line":65,"column":37}},"65":{"start":{"line":66,"column":0},"end":{"line":66,"column":19}},"66":{"start":{"line":67,"column":0},"end":{"line":67,"column":27}},"67":{"start":{"line":68,"column":0},"end":{"line":68,"column":26}},"68":{"start":{"line":69,"column":0},"end":{"line":69,"column":57}},"69":{"start":{"line":70,"column":0},"end":{"line":70,"column":7}},"70":{"start":{"line":71,"column":0},"end":{"line":71,"column":0}},"71":{"start":{"line":72,"column":0},"end":{"line":72,"column":35}},"72":{"start":{"line":73,"column":0},"end":{"line":73,"column":41}},"73":{"start":{"line":74,"column":0},"end":{"line":74,"column":53}},"74":{"start":{"line":75,"column":0},"end":{"line":75,"column":20}},"75":{"start":{"line":76,"column":0},"end":{"line":76,"column":31}},"76":{"start":{"line":77,"column":0},"end":{"line":77,"column":47}},"77":{"start":{"line":78,"column":0},"end":{"line":78,"column":27}},"78":{"start":{"line":79,"column":0},"end":{"line":79,"column":8}},"79":{"start":{"line":80,"column":0},"end":{"line":80,"column":5}},"80":{"start":{"line":81,"column":0},"end":{"line":81,"column":0}},"81":{"start":{"line":82,"column":0},"end":{"line":82,"column":51}},"82":{"start":{"line":83,"column":0},"end":{"line":83,"column":31}},"83":{"start":{"line":84,"column":0},"end":{"line":84,"column":54}},"84":{"start":{"line":85,"column":0},"end":{"line":85,"column":25}},"85":{"start":{"line":86,"column":0},"end":{"line":86,"column":8}},"86":{"start":{"line":87,"column":0},"end":{"line":87,"column":5}},"87":{"start":{"line":88,"column":0},"end":{"line":88,"column":0}},"88":{"start":{"line":89,"column":0},"end":{"line":89,"column":23}},"89":{"start":{"line":90,"column":0},"end":{"line":90,"column":3}},"90":{"start":{"line":91,"column":0},"end":{"line":91,"column":0}},"91":{"start":{"line":92,"column":0},"end":{"line":92,"column":5}},"92":{"start":{"line":93,"column":0},"end":{"line":93,"column":53}},"93":{"start":{"line":94,"column":0},"end":{"line":94,"column":43}},"94":{"start":{"line":95,"column":0},"end":{"line":95,"column":28}},"95":{"start":{"line":96,"column":0},"end":{"line":96,"column":47}},"96":{"start":{"line":97,"column":0},"end":{"line":97,"column":5}},"97":{"start":{"line":98,"column":0},"end":{"line":98,"column":44}},"98":{"start":{"line":99,"column":0},"end":{"line":99,"column":44}},"99":{"start":{"line":100,"column":0},"end":{"line":100,"column":4}},"100":{"start":{"line":101,"column":0},"end":{"line":101,"column":43}},"101":{"start":{"line":102,"column":0},"end":{"line":102,"column":26}},"102":{"start":{"line":103,"column":0},"end":{"line":103,"column":31}},"103":{"start":{"line":104,"column":0},"end":{"line":104,"column":73}},"104":{"start":{"line":105,"column":0},"end":{"line":105,"column":79}},"105":{"start":{"line":106,"column":0},"end":{"line":106,"column":6}},"106":{"start":{"line":107,"column":0},"end":{"line":107,"column":38}},"107":{"start":{"line":108,"column":0},"end":{"line":108,"column":33}},"108":{"start":{"line":109,"column":0},"end":{"line":109,"column":67}},"109":{"start":{"line":110,"column":0},"end":{"line":110,"column":31}},"110":{"start":{"line":111,"column":0},"end":{"line":111,"column":10}},"111":{"start":{"line":112,"column":0},"end":{"line":112,"column":7}},"112":{"start":{"line":113,"column":0},"end":{"line":113,"column":5}},"113":{"start":{"line":114,"column":0},"end":{"line":114,"column":0}},"114":{"start":{"line":115,"column":0},"end":{"line":115,"column":24}},"115":{"start":{"line":116,"column":0},"end":{"line":116,"column":34}},"116":{"start":{"line":117,"column":0},"end":{"line":117,"column":85}},"117":{"start":{"line":118,"column":0},"end":{"line":118,"column":6}},"118":{"start":{"line":119,"column":0},"end":{"line":119,"column":28}},"119":{"start":{"line":120,"column":0},"end":{"line":120,"column":66}},"120":{"start":{"line":121,"column":0},"end":{"line":121,"column":21}},"121":{"start":{"line":122,"column":0},"end":{"line":122,"column":25}},"122":{"start":{"line":123,"column":0},"end":{"line":123,"column":30}},"123":{"start":{"line":124,"column":0},"end":{"line":124,"column":59}},"124":{"start":{"line":125,"column":0},"end":{"line":125,"column":11}},"125":{"start":{"line":126,"column":0},"end":{"line":126,"column":7}},"126":{"start":{"line":127,"column":0},"end":{"line":127,"column":0}},"127":{"start":{"line":128,"column":0},"end":{"line":128,"column":28}},"128":{"start":{"line":129,"column":0},"end":{"line":129,"column":93}},"129":{"start":{"line":130,"column":0},"end":{"line":130,"column":21}},"130":{"start":{"line":131,"column":0},"end":{"line":131,"column":25}},"131":{"start":{"line":132,"column":0},"end":{"line":132,"column":30}},"132":{"start":{"line":133,"column":0},"end":{"line":133,"column":67}},"133":{"start":{"line":134,"column":0},"end":{"line":134,"column":11}},"134":{"start":{"line":135,"column":0},"end":{"line":135,"column":7}},"135":{"start":{"line":136,"column":0},"end":{"line":136,"column":0}},"136":{"start":{"line":137,"column":0},"end":{"line":137,"column":28}},"137":{"start":{"line":138,"column":0},"end":{"line":138,"column":68}},"138":{"start":{"line":139,"column":0},"end":{"line":139,"column":54}},"139":{"start":{"line":140,"column":0},"end":{"line":140,"column":21}},"140":{"start":{"line":141,"column":0},"end":{"line":141,"column":25}},"141":{"start":{"line":142,"column":0},"end":{"line":142,"column":30}},"142":{"start":{"line":143,"column":0},"end":{"line":143,"column":78}},"143":{"start":{"line":144,"column":0},"end":{"line":144,"column":11}},"144":{"start":{"line":145,"column":0},"end":{"line":145,"column":7}},"145":{"start":{"line":146,"column":0},"end":{"line":146,"column":7}},"146":{"start":{"line":147,"column":0},"end":{"line":147,"column":0}},"147":{"start":{"line":148,"column":0},"end":{"line":148,"column":28}},"148":{"start":{"line":149,"column":0},"end":{"line":149,"column":33}},"149":{"start":{"line":150,"column":0},"end":{"line":150,"column":45}},"150":{"start":{"line":151,"column":0},"end":{"line":151,"column":67}},"151":{"start":{"line":152,"column":0},"end":{"line":152,"column":20}},"152":{"start":{"line":153,"column":0},"end":{"line":153,"column":6}},"153":{"start":{"line":154,"column":0},"end":{"line":154,"column":103}},"154":{"start":{"line":155,"column":0},"end":{"line":155,"column":6}},"155":{"start":{"line":156,"column":0},"end":{"line":156,"column":31}},"156":{"start":{"line":157,"column":0},"end":{"line":157,"column":69}},"157":{"start":{"line":158,"column":0},"end":{"line":158,"column":31}},"158":{"start":{"line":159,"column":0},"end":{"line":159,"column":37}},"159":{"start":{"line":160,"column":0},"end":{"line":160,"column":8}},"160":{"start":{"line":161,"column":0},"end":{"line":161,"column":5}},"161":{"start":{"line":162,"column":0},"end":{"line":162,"column":0}},"162":{"start":{"line":163,"column":0},"end":{"line":163,"column":16}},"163":{"start":{"line":164,"column":0},"end":{"line":164,"column":3}},"164":{"start":{"line":165,"column":0},"end":{"line":165,"column":0}},"165":{"start":{"line":166,"column":0},"end":{"line":166,"column":5}},"166":{"start":{"line":167,"column":0},"end":{"line":167,"column":62}},"167":{"start":{"line":168,"column":0},"end":{"line":168,"column":37}},"168":{"start":{"line":169,"column":0},"end":{"line":169,"column":34}},"169":{"start":{"line":170,"column":0},"end":{"line":170,"column":5}},"170":{"start":{"line":171,"column":0},"end":{"line":171,"column":53}},"171":{"start":{"line":172,"column":0},"end":{"line":172,"column":35}},"172":{"start":{"line":173,"column":0},"end":{"line":173,"column":39}},"173":{"start":{"line":174,"column":0},"end":{"line":174,"column":33}},"174":{"start":{"line":175,"column":0},"end":{"line":175,"column":33}},"175":{"start":{"line":176,"column":0},"end":{"line":176,"column":33}},"176":{"start":{"line":177,"column":0},"end":{"line":177,"column":60}},"177":{"start":{"line":178,"column":0},"end":{"line":178,"column":66}},"178":{"start":{"line":179,"column":0},"end":{"line":179,"column":41}},"179":{"start":{"line":180,"column":0},"end":{"line":180,"column":8}},"180":{"start":{"line":181,"column":0},"end":{"line":181,"column":0}},"181":{"start":{"line":182,"column":0},"end":{"line":182,"column":36}},"182":{"start":{"line":183,"column":0},"end":{"line":183,"column":20}},"183":{"start":{"line":184,"column":0},"end":{"line":184,"column":29}},"184":{"start":{"line":185,"column":0},"end":{"line":185,"column":27}},"185":{"start":{"line":186,"column":0},"end":{"line":186,"column":29}},"186":{"start":{"line":187,"column":0},"end":{"line":187,"column":22}},"187":{"start":{"line":188,"column":0},"end":{"line":188,"column":21}},"188":{"start":{"line":189,"column":0},"end":{"line":189,"column":23}},"189":{"start":{"line":190,"column":0},"end":{"line":190,"column":31}},"190":{"start":{"line":191,"column":0},"end":{"line":191,"column":31}},"191":{"start":{"line":192,"column":0},"end":{"line":192,"column":6}},"192":{"start":{"line":193,"column":0},"end":{"line":193,"column":0}},"193":{"start":{"line":194,"column":0},"end":{"line":194,"column":27}},"194":{"start":{"line":195,"column":0},"end":{"line":195,"column":15}},"195":{"start":{"line":196,"column":0},"end":{"line":196,"column":13}},"196":{"start":{"line":197,"column":0},"end":{"line":197,"column":6}},"197":{"start":{"line":198,"column":0},"end":{"line":198,"column":0}},"198":{"start":{"line":199,"column":0},"end":{"line":199,"column":30}},"199":{"start":{"line":200,"column":0},"end":{"line":200,"column":9}},"200":{"start":{"line":201,"column":0},"end":{"line":201,"column":54}},"201":{"start":{"line":202,"column":0},"end":{"line":202,"column":21}},"202":{"start":{"line":203,"column":0},"end":{"line":203,"column":31}},"203":{"start":{"line":204,"column":0},"end":{"line":204,"column":94}},"204":{"start":{"line":205,"column":0},"end":{"line":205,"column":32}},"205":{"start":{"line":206,"column":0},"end":{"line":206,"column":77}},"206":{"start":{"line":207,"column":0},"end":{"line":207,"column":8}},"207":{"start":{"line":208,"column":0},"end":{"line":208,"column":5}},"208":{"start":{"line":209,"column":0},"end":{"line":209,"column":3}},"209":{"start":{"line":210,"column":0},"end":{"line":210,"column":0}},"210":{"start":{"line":211,"column":0},"end":{"line":211,"column":5}},"211":{"start":{"line":212,"column":0},"end":{"line":212,"column":61}},"212":{"start":{"line":213,"column":0},"end":{"line":213,"column":47}},"213":{"start":{"line":214,"column":0},"end":{"line":214,"column":35}},"214":{"start":{"line":215,"column":0},"end":{"line":215,"column":5}},"215":{"start":{"line":216,"column":0},"end":{"line":216,"column":47}},"216":{"start":{"line":217,"column":0},"end":{"line":217,"column":26}},"217":{"start":{"line":218,"column":0},"end":{"line":218,"column":4}},"218":{"start":{"line":219,"column":0},"end":{"line":219,"column":9}},"219":{"start":{"line":220,"column":0},"end":{"line":220,"column":38}},"220":{"start":{"line":221,"column":0},"end":{"line":221,"column":33}},"221":{"start":{"line":222,"column":0},"end":{"line":222,"column":7}},"222":{"start":{"line":223,"column":0},"end":{"line":223,"column":33}},"223":{"start":{"line":224,"column":0},"end":{"line":224,"column":21}},"224":{"start":{"line":225,"column":0},"end":{"line":225,"column":7}},"225":{"start":{"line":226,"column":0},"end":{"line":226,"column":16}},"226":{"start":{"line":227,"column":0},"end":{"line":227,"column":13}},"227":{"start":{"line":228,"column":0},"end":{"line":228,"column":16}},"228":{"start":{"line":229,"column":0},"end":{"line":229,"column":5}},"229":{"start":{"line":230,"column":0},"end":{"line":230,"column":3}},"230":{"start":{"line":231,"column":0},"end":{"line":231,"column":0}},"231":{"start":{"line":232,"column":0},"end":{"line":232,"column":5}},"232":{"start":{"line":233,"column":0},"end":{"line":233,"column":63}},"233":{"start":{"line":234,"column":0},"end":{"line":234,"column":43}},"234":{"start":{"line":235,"column":0},"end":{"line":235,"column":38}},"235":{"start":{"line":236,"column":0},"end":{"line":236,"column":5}},"236":{"start":{"line":237,"column":0},"end":{"line":237,"column":66}},"237":{"start":{"line":238,"column":0},"end":{"line":238,"column":26}},"238":{"start":{"line":239,"column":0},"end":{"line":239,"column":4}},"239":{"start":{"line":240,"column":0},"end":{"line":240,"column":9}},"240":{"start":{"line":241,"column":0},"end":{"line":241,"column":38}},"241":{"start":{"line":242,"column":0},"end":{"line":242,"column":33}},"242":{"start":{"line":243,"column":0},"end":{"line":243,"column":7}},"243":{"start":{"line":244,"column":0},"end":{"line":244,"column":63}},"244":{"start":{"line":245,"column":0},"end":{"line":245,"column":21}},"245":{"start":{"line":246,"column":0},"end":{"line":246,"column":7}},"246":{"start":{"line":247,"column":0},"end":{"line":247,"column":16}},"247":{"start":{"line":248,"column":0},"end":{"line":248,"column":13}},"248":{"start":{"line":249,"column":0},"end":{"line":249,"column":16}},"249":{"start":{"line":250,"column":0},"end":{"line":250,"column":5}},"250":{"start":{"line":251,"column":0},"end":{"line":251,"column":3}},"251":{"start":{"line":252,"column":0},"end":{"line":252,"column":1}}},"s":{"0":1,"1":1,"2":1,"3":1,"4":1,"5":1,"6":1,"7":1,"8":1,"9":1,"10":1,"11":1,"12":1,"13":1,"14":1,"15":1,"16":1,"17":1,"18":1,"19":1,"20":24,"21":24,"22":24,"23":24,"24":24,"25":24,"26":24,"27":24,"28":24,"29":24,"30":24,"31":24,"32":24,"33":16,"34":16,"35":16,"36":0,"37":16,"38":16,"39":16,"40":16,"41":16,"42":24,"43":1,"44":1,"45":1,"46":1,"47":1,"48":1,"49":1,"50":24,"51":24,"52":24,"53":24,"54":24,"55":24,"56":24,"57":1,"58":1,"59":1,"60":1,"61":1,"62":1,"63":1,"64":24,"65":24,"66":24,"67":24,"68":24,"69":24,"70":24,"71":24,"72":2,"73":2,"74":2,"75":2,"76":2,"77":2,"78":2,"79":2,"80":22,"81":24,"82":0,"83":0,"84":0,"85":0,"86":0,"87":22,"88":22,"89":24,"90":1,"91":1,"92":1,"93":1,"94":1,"95":1,"96":1,"97":1,"98":22,"99":22,"100":22,"101":22,"102":22,"103":22,"104":22,"105":22,"106":22,"107":3,"108":3,"109":3,"110":3,"111":3,"112":22,"113":19,"114":19,"115":19,"116":53,"117":53,"118":53,"119":53,"120":2,"121":2,"122":2,"123":2,"124":2,"125":2,"126":53,"127":53,"128":53,"129":35,"130":35,"131":35,"132":35,"133":35,"134":35,"135":53,"136":53,"137":53,"138":53,"139":33,"140":33,"141":33,"142":33,"143":33,"144":33,"145":19,"146":19,"147":22,"148":11,"149":11,"150":11,"151":11,"152":11,"153":11,"154":11,"155":11,"156":11,"157":11,"158":11,"159":11,"160":11,"161":8,"162":8,"163":22,"164":1,"165":1,"166":1,"167":1,"168":1,"169":1,"170":1,"171":8,"172":8,"173":13,"174":13,"175":13,"176":13,"177":13,"178":13,"179":8,"180":8,"181":8,"182":8,"183":8,"184":8,"185":8,"186":8,"187":8,"188":8,"189":8,"190":8,"191":8,"192":8,"193":8,"194":8,"195":8,"196":8,"197":8,"198":8,"199":8,"200":8,"201":8,"202":0,"203":0,"204":0,"205":0,"206":0,"207":0,"208":8,"209":1,"210":1,"211":1,"212":1,"213":1,"214":1,"215":1,"216":13,"217":1,"218":1,"219":1,"220":1,"221":1,"222":0,"223":0,"224":0,"225":0,"226":0,"227":0,"228":0,"229":13,"230":1,"231":1,"232":1,"233":1,"234":1,"235":1,"236":1,"237":13,"238":1,"239":1,"240":1,"241":1,"242":1,"243":13,"244":0,"245":0,"246":0,"247":0,"248":0,"249":0,"250":13,"251":1},"branchMap":{"0":{"type":"branch","line":20,"loc":{"start":{"line":20,"column":2},"end":{"line":43,"column":3}},"locations":[{"start":{"line":20,"column":2},"end":{"line":43,"column":3}}]},"1":{"type":"branch","line":33,"loc":{"start":{"line":33,"column":4},"end":{"line":42,"column":5}},"locations":[{"start":{"line":33,"column":4},"end":{"line":42,"column":5}}]},"2":{"type":"branch","line":36,"loc":{"start":{"line":36,"column":6},"end":{"line":38,"column":78}},"locations":[{"start":{"line":36,"column":6},"end":{"line":38,"column":78}}]},"3":{"type":"branch","line":38,"loc":{"start":{"line":38,"column":68},"end":{"line":38,"column":93}},"locations":[{"start":{"line":38,"column":68},"end":{"line":38,"column":93}}]},"4":{"type":"branch","line":40,"loc":{"start":{"line":40,"column":25},"end":{"line":40,"column":68}},"locations":[{"start":{"line":40,"column":25},"end":{"line":40,"column":68}}]},"5":{"type":"branch","line":40,"loc":{"start":{"line":40,"column":64},"end":{"line":40,"column":77}},"locations":[{"start":{"line":40,"column":64},"end":{"line":40,"column":77}}]},"6":{"type":"branch","line":50,"loc":{"start":{"line":50,"column":10},"end":{"line":57,"column":3}},"locations":[{"start":{"line":50,"column":10},"end":{"line":57,"column":3}}]},"7":{"type":"branch","line":51,"loc":{"start":{"line":51,"column":23},"end":{"line":56,"column":5}},"locations":[{"start":{"line":51,"column":23},"end":{"line":56,"column":5}}]},"8":{"type":"branch","line":53,"loc":{"start":{"line":53,"column":22},"end":{"line":53,"column":61}},"locations":[{"start":{"line":53,"column":22},"end":{"line":53,"column":61}}]},"9":{"type":"branch","line":64,"loc":{"start":{"line":64,"column":10},"end":{"line":90,"column":3}},"locations":[{"start":{"line":64,"column":10},"end":{"line":90,"column":3}}]},"10":{"type":"branch","line":72,"loc":{"start":{"line":72,"column":34},"end":{"line":80,"column":5}},"locations":[{"start":{"line":72,"column":34},"end":{"line":80,"column":5}}]},"11":{"type":"branch","line":80,"loc":{"start":{"line":80,"column":4},"end":{"line":82,"column":50}},"locations":[{"start":{"line":80,"column":4},"end":{"line":82,"column":50}}]},"12":{"type":"branch","line":82,"loc":{"start":{"line":82,"column":50},"end":{"line":87,"column":5}},"locations":[{"start":{"line":82,"column":50},"end":{"line":87,"column":5}}]},"13":{"type":"branch","line":87,"loc":{"start":{"line":87,"column":4},"end":{"line":89,"column":23}},"locations":[{"start":{"line":87,"column":4},"end":{"line":89,"column":23}}]},"14":{"type":"branch","line":69,"loc":{"start":{"line":69,"column":23},"end":{"line":69,"column":57}},"locations":[{"start":{"line":69,"column":23},"end":{"line":69,"column":57}}]},"15":{"type":"branch","line":74,"loc":{"start":{"line":74,"column":13},"end":{"line":74,"column":52}},"locations":[{"start":{"line":74,"column":13},"end":{"line":74,"column":52}}]},"16":{"type":"branch","line":98,"loc":{"start":{"line":98,"column":10},"end":{"line":164,"column":3}},"locations":[{"start":{"line":98,"column":10},"end":{"line":164,"column":3}}]},"17":{"type":"branch","line":107,"loc":{"start":{"line":107,"column":37},"end":{"line":112,"column":7}},"locations":[{"start":{"line":107,"column":37},"end":{"line":112,"column":7}}]},"18":{"type":"branch","line":113,"loc":{"start":{"line":113,"column":4},"end":{"line":148,"column":27}},"locations":[{"start":{"line":113,"column":4},"end":{"line":148,"column":27}}]},"19":{"type":"branch","line":148,"loc":{"start":{"line":148,"column":27},"end":{"line":161,"column":5}},"locations":[{"start":{"line":148,"column":27},"end":{"line":161,"column":5}}]},"20":{"type":"branch","line":154,"loc":{"start":{"line":154,"column":47},"end":{"line":154,"column":100}},"locations":[{"start":{"line":154,"column":47},"end":{"line":154,"column":100}}]},"21":{"type":"branch","line":154,"loc":{"start":{"line":154,"column":83},"end":{"line":154,"column":103}},"locations":[{"start":{"line":154,"column":83},"end":{"line":154,"column":103}}]},"22":{"type":"branch","line":161,"loc":{"start":{"line":161,"column":4},"end":{"line":163,"column":16}},"locations":[{"start":{"line":161,"column":4},"end":{"line":163,"column":16}}]},"23":{"type":"branch","line":105,"loc":{"start":{"line":105,"column":52},"end":{"line":105,"column":77}},"locations":[{"start":{"line":105,"column":52},"end":{"line":105,"column":77}}]},"24":{"type":"branch","line":116,"loc":{"start":{"line":116,"column":17},"end":{"line":146,"column":5}},"locations":[{"start":{"line":116,"column":17},"end":{"line":146,"column":5}}]},"25":{"type":"branch","line":120,"loc":{"start":{"line":120,"column":15},"end":{"line":120,"column":65}},"locations":[{"start":{"line":120,"column":15},"end":{"line":120,"column":65}}]},"26":{"type":"branch","line":120,"loc":{"start":{"line":120,"column":65},"end":{"line":126,"column":7}},"locations":[{"start":{"line":120,"column":65},"end":{"line":126,"column":7}}]},"27":{"type":"branch","line":129,"loc":{"start":{"line":129,"column":65},"end":{"line":129,"column":92}},"locations":[{"start":{"line":129,"column":65},"end":{"line":129,"column":92}}]},"28":{"type":"branch","line":129,"loc":{"start":{"line":129,"column":92},"end":{"line":135,"column":7}},"locations":[{"start":{"line":129,"column":92},"end":{"line":135,"column":7}}]},"29":{"type":"branch","line":139,"loc":{"start":{"line":139,"column":53},"end":{"line":145,"column":7}},"locations":[{"start":{"line":139,"column":53},"end":{"line":145,"column":7}}]},"30":{"type":"branch","line":151,"loc":{"start":{"line":151,"column":13},"end":{"line":151,"column":66}},"locations":[{"start":{"line":151,"column":13},"end":{"line":151,"column":66}}]},"31":{"type":"branch","line":171,"loc":{"start":{"line":171,"column":10},"end":{"line":209,"column":3}},"locations":[{"start":{"line":171,"column":10},"end":{"line":209,"column":3}}]},"32":{"type":"branch","line":202,"loc":{"start":{"line":202,"column":4},"end":{"line":208,"column":5}},"locations":[{"start":{"line":202,"column":4},"end":{"line":208,"column":5}}]},"33":{"type":"branch","line":173,"loc":{"start":{"line":173,"column":30},"end":{"line":180,"column":6}},"locations":[{"start":{"line":173,"column":30},"end":{"line":180,"column":6}}]},"34":{"type":"branch","line":179,"loc":{"start":{"line":179,"column":23},"end":{"line":179,"column":41}},"locations":[{"start":{"line":179,"column":23},"end":{"line":179,"column":41}}]},"35":{"type":"branch","line":216,"loc":{"start":{"line":216,"column":10},"end":{"line":230,"column":3}},"locations":[{"start":{"line":216,"column":10},"end":{"line":230,"column":3}}]},"36":{"type":"branch","line":217,"loc":{"start":{"line":217,"column":16},"end":{"line":217,"column":26}},"locations":[{"start":{"line":217,"column":16},"end":{"line":217,"column":26}}]},"37":{"type":"branch","line":217,"loc":{"start":{"line":217,"column":24},"end":{"line":222,"column":7}},"locations":[{"start":{"line":217,"column":24},"end":{"line":222,"column":7}}]},"38":{"type":"branch","line":222,"loc":{"start":{"line":222,"column":6},"end":{"line":229,"column":5}},"locations":[{"start":{"line":222,"column":6},"end":{"line":229,"column":5}}]},"39":{"type":"branch","line":237,"loc":{"start":{"line":237,"column":10},"end":{"line":251,"column":3}},"locations":[{"start":{"line":237,"column":10},"end":{"line":251,"column":3}}]},"40":{"type":"branch","line":238,"loc":{"start":{"line":238,"column":16},"end":{"line":238,"column":26}},"locations":[{"start":{"line":238,"column":16},"end":{"line":238,"column":26}}]},"41":{"type":"branch","line":238,"loc":{"start":{"line":238,"column":24},"end":{"line":243,"column":7}},"locations":[{"start":{"line":238,"column":24},"end":{"line":243,"column":7}}]},"42":{"type":"branch","line":243,"loc":{"start":{"line":243,"column":6},"end":{"line":244,"column":62}},"locations":[{"start":{"line":243,"column":6},"end":{"line":244,"column":62}}]},"43":{"type":"branch","line":244,"loc":{"start":{"line":244,"column":62},"end":{"line":250,"column":5}},"locations":[{"start":{"line":244,"column":62},"end":{"line":250,"column":5}}]}},"b":{"0":[24],"1":[16],"2":[0],"3":[0],"4":[0],"5":[0],"6":[24],"7":[24],"8":[24],"9":[24],"10":[2],"11":[22],"12":[0],"13":[22],"14":[132],"15":[2],"16":[22],"17":[3],"18":[19],"19":[11],"20":[2],"21":[9],"22":[8],"23":[66],"24":[53],"25":[51],"26":[2],"27":[51],"28":[35],"29":[33],"30":[30],"31":[8],"32":[0],"33":[13],"34":[12],"35":[13],"36":[12],"37":[1],"38":[0],"39":[13],"40":[12],"41":[1],"42":[0],"43":[0]},"fnMap":{"0":{"name":"parseFile","decl":{"start":{"line":20,"column":2},"end":{"line":43,"column":3}},"loc":{"start":{"line":20,"column":2},"end":{"line":43,"column":3}},"line":20},"1":{"name":"readFileAsText","decl":{"start":{"line":50,"column":10},"end":{"line":57,"column":3}},"loc":{"start":{"line":50,"column":10},"end":{"line":57,"column":3}},"line":50},"2":{"name":"reader.onload","decl":{"start":{"line":53,"column":22},"end":{"line":53,"column":61}},"loc":{"start":{"line":53,"column":22},"end":{"line":53,"column":61}},"line":53},"3":{"name":"reader.onerror","decl":{"start":{"line":54,"column":23},"end":{"line":54,"column":50}},"loc":{"start":{"line":54,"column":23},"end":{"line":54,"column":50}},"line":54},"4":{"name":"parseCSV","decl":{"start":{"line":64,"column":10},"end":{"line":90,"column":3}},"loc":{"start":{"line":64,"column":10},"end":{"line":90,"column":3}},"line":64},"5":{"name":"transformHeader","decl":{"start":{"line":69,"column":23},"end":{"line":69,"column":57}},"loc":{"start":{"line":69,"column":23},"end":{"line":69,"column":57}},"line":69},"6":{"name":"validateData","decl":{"start":{"line":98,"column":10},"end":{"line":164,"column":3}},"loc":{"start":{"line":98,"column":10},"end":{"line":164,"column":3}},"line":98},"7":{"name":"transformData","decl":{"start":{"line":171,"column":10},"end":{"line":209,"column":3}},"loc":{"start":{"line":171,"column":10},"end":{"line":209,"column":3}},"line":171},"8":{"name":"parseRiskFactors","decl":{"start":{"line":216,"column":10},"end":{"line":230,"column":3}},"loc":{"start":{"line":216,"column":10},"end":{"line":230,"column":3}},"line":216},"9":{"name":"parseFeatureValues","decl":{"start":{"line":237,"column":10},"end":{"line":251,"column":3}},"loc":{"start":{"line":237,"column":10},"end":{"line":251,"column":3}},"line":237}},"f":{"0":24,"1":24,"2":24,"3":0,"4":24,"5":132,"6":22,"7":8,"8":13,"9":13}}
,"C:\\Users\\USER\\Desktop\\新增資料夾 (22)\\financial-risk-dashboard\\src\\data\\index.ts": {"path":"C:\\Users\\USER\\Desktop\\新增資料夾 (22)\\financial-risk-dashboard\\src\\data\\index.ts","all":true,"statementMap":{"0":{"start":{"line":1,"column":0},"end":{"line":1,"column":32}},"1":{"start":{"line":2,"column":0},"end":{"line":2,"column":46}},"2":{"start":{"line":3,"column":0},"end":{"line":3,"column":57}},"3":{"start":{"line":4,"column":0},"end":{"line":4,"column":46}}},"s":{"0":0,"1":0,"2":0,"3":0},"branchMap":{"0":{"type":"branch","line":1,"loc":{"start":{"line":1,"column":187},"end":{"line":4,"column":46}},"locations":[{"start":{"line":1,"column":187},"end":{"line":4,"column":46}}]}},"b":{"0":[0]},"fnMap":{"0":{"name":"(empty-report)","decl":{"start":{"line":1,"column":187},"end":{"line":4,"column":46}},"loc":{"start":{"line":1,"column":187},"end":{"line":4,"column":46}},"line":1}},"f":{"0":0}}
,"C:\\Users\\USER\\Desktop\\新增資料夾 (22)\\financial-risk-dashboard\\src\\types\\schemas.ts": {"path":"C:\\Users\\USER\\Desktop\\新增資料夾 (22)\\financial-risk-dashboard\\src\\types\\schemas.ts","all":false,"statementMap":{"0":{"start":{"line":1,"column":0},"end":{"line":1,"column":54}},"1":{"start":{"line":2,"column":0},"end":{"line":2,"column":24}},"2":{"start":{"line":3,"column":0},"end":{"line":3,"column":0}},"3":{"start":{"line":4,"column":0},"end":{"line":4,"column":25}},"4":{"start":{"line":5,"column":0},"end":{"line":5,"column":77}},"5":{"start":{"line":6,"column":0},"end":{"line":6,"column":0}},"6":{"start":{"line":7,"column":0},"end":{"line":7,"column":21}},"7":{"start":{"line":8,"column":0},"end":{"line":8,"column":42}},"8":{"start":{"line":9,"column":0},"end":{"line":9,"column":26}},"9":{"start":{"line":10,"column":0},"end":{"line":10,"column":54}},"10":{"start":{"line":11,"column":0},"end":{"line":11,"column":26}},"11":{"start":{"line":12,"column":0},"end":{"line":12,"column":3}},"12":{"start":{"line":13,"column":0},"end":{"line":13,"column":0}},"13":{"start":{"line":14,"column":0},"end":{"line":14,"column":17}},"14":{"start":{"line":15,"column":0},"end":{"line":15,"column":39}},"15":{"start":{"line":16,"column":0},"end":{"line":16,"column":25}},"16":{"start":{"line":17,"column":0},"end":{"line":17,"column":41}},"17":{"start":{"line":18,"column":0},"end":{"line":18,"column":30}},"18":{"start":{"line":19,"column":0},"end":{"line":19,"column":42}},"19":{"start":{"line":20,"column":0},"end":{"line":20,"column":51}},"20":{"start":{"line":21,"column":0},"end":{"line":21,"column":26}},"21":{"start":{"line":22,"column":0},"end":{"line":22,"column":3}},"22":{"start":{"line":23,"column":0},"end":{"line":23,"column":0}},"23":{"start":{"line":24,"column":0},"end":{"line":24,"column":21}},"24":{"start":{"line":25,"column":0},"end":{"line":25,"column":47}},"25":{"start":{"line":26,"column":0},"end":{"line":26,"column":36}},"26":{"start":{"line":27,"column":0},"end":{"line":27,"column":36}},"27":{"start":{"line":28,"column":0},"end":{"line":28,"column":41}},"28":{"start":{"line":29,"column":0},"end":{"line":29,"column":25}},"29":{"start":{"line":30,"column":0},"end":{"line":30,"column":3}},"30":{"start":{"line":31,"column":0},"end":{"line":31,"column":0}},"31":{"start":{"line":32,"column":0},"end":{"line":32,"column":45}},"32":{"start":{"line":33,"column":0},"end":{"line":33,"column":35}},"33":{"start":{"line":34,"column":0},"end":{"line":34,"column":36}},"34":{"start":{"line":35,"column":0},"end":{"line":35,"column":41}},"35":{"start":{"line":36,"column":0},"end":{"line":36,"column":51}},"36":{"start":{"line":37,"column":0},"end":{"line":37,"column":56}},"37":{"start":{"line":38,"column":0},"end":{"line":38,"column":3}},"38":{"start":{"line":39,"column":0},"end":{"line":39,"column":0}},"39":{"start":{"line":40,"column":0},"end":{"line":40,"column":47}},"40":{"start":{"line":41,"column":0},"end":{"line":41,"column":29}},"41":{"start":{"line":42,"column":0},"end":{"line":42,"column":30}},"42":{"start":{"line":43,"column":0},"end":{"line":43,"column":29}},"43":{"start":{"line":44,"column":0},"end":{"line":44,"column":30}},"44":{"start":{"line":45,"column":0},"end":{"line":45,"column":3}},"45":{"start":{"line":46,"column":0},"end":{"line":46,"column":0}},"46":{"start":{"line":47,"column":0},"end":{"line":47,"column":40}},"47":{"start":{"line":48,"column":0},"end":{"line":48,"column":27}},"48":{"start":{"line":49,"column":0},"end":{"line":49,"column":27}},"49":{"start":{"line":50,"column":0},"end":{"line":50,"column":18}},"50":{"start":{"line":51,"column":0},"end":{"line":51,"column":3}},"51":{"start":{"line":52,"column":0},"end":{"line":52,"column":0}},"52":{"start":{"line":53,"column":0},"end":{"line":53,"column":39}},"53":{"start":{"line":54,"column":0},"end":{"line":54,"column":30}},"54":{"start":{"line":55,"column":0},"end":{"line":55,"column":33}},"55":{"start":{"line":56,"column":0},"end":{"line":56,"column":32}},"56":{"start":{"line":57,"column":0},"end":{"line":57,"column":3}},"57":{"start":{"line":58,"column":0},"end":{"line":58,"column":0}},"58":{"start":{"line":59,"column":0},"end":{"line":59,"column":41}},"59":{"start":{"line":60,"column":0},"end":{"line":60,"column":35}},"60":{"start":{"line":61,"column":0},"end":{"line":61,"column":44}},"61":{"start":{"line":62,"column":0},"end":{"line":62,"column":32}},"62":{"start":{"line":63,"column":0},"end":{"line":63,"column":3}},"63":{"start":{"line":64,"column":0},"end":{"line":64,"column":0}},"64":{"start":{"line":65,"column":0},"end":{"line":65,"column":49}},"65":{"start":{"line":66,"column":0},"end":{"line":66,"column":34}},"66":{"start":{"line":67,"column":0},"end":{"line":67,"column":33}},"67":{"start":{"line":68,"column":0},"end":{"line":68,"column":30}},"68":{"start":{"line":69,"column":0},"end":{"line":69,"column":32}},"69":{"start":{"line":70,"column":0},"end":{"line":70,"column":32}},"70":{"start":{"line":71,"column":0},"end":{"line":71,"column":3}},"71":{"start":{"line":72,"column":0},"end":{"line":72,"column":0}},"72":{"start":{"line":73,"column":0},"end":{"line":73,"column":49}},"73":{"start":{"line":74,"column":0},"end":{"line":74,"column":32}},"74":{"start":{"line":75,"column":0},"end":{"line":75,"column":34}},"75":{"start":{"line":76,"column":0},"end":{"line":76,"column":3}},"76":{"start":{"line":77,"column":0},"end":{"line":77,"column":0}},"77":{"start":{"line":78,"column":0},"end":{"line":78,"column":26}},"78":{"start":{"line":79,"column":0},"end":{"line":79,"column":47}},"79":{"start":{"line":80,"column":0},"end":{"line":80,"column":53}},"80":{"start":{"line":81,"column":0},"end":{"line":81,"column":49}},"81":{"start":{"line":82,"column":0},"end":{"line":82,"column":53}},"82":{"start":{"line":83,"column":0},"end":{"line":83,"column":39}},"83":{"start":{"line":84,"column":0},"end":{"line":84,"column":37}},"84":{"start":{"line":85,"column":0},"end":{"line":85,"column":41}},"85":{"start":{"line":86,"column":0},"end":{"line":86,"column":57}},"86":{"start":{"line":87,"column":0},"end":{"line":87,"column":57}},"87":{"start":{"line":88,"column":0},"end":{"line":88,"column":3}},"88":{"start":{"line":89,"column":0},"end":{"line":89,"column":0}},"89":{"start":{"line":90,"column":0},"end":{"line":90,"column":24}},"90":{"start":{"line":91,"column":0},"end":{"line":91,"column":45}},"91":{"start":{"line":92,"column":0},"end":{"line":92,"column":35}},"92":{"start":{"line":93,"column":0},"end":{"line":93,"column":32}},"93":{"start":{"line":94,"column":0},"end":{"line":94,"column":3}},"94":{"start":{"line":95,"column":0},"end":{"line":95,"column":0}},"95":{"start":{"line":96,"column":0},"end":{"line":96,"column":37}},"96":{"start":{"line":97,"column":0},"end":{"line":97,"column":60}},"97":{"start":{"line":98,"column":0},"end":{"line":98,"column":62}},"98":{"start":{"line":99,"column":0},"end":{"line":99,"column":56}},"99":{"start":{"line":100,"column":0},"end":{"line":100,"column":72}},"100":{"start":{"line":101,"column":0},"end":{"line":101,"column":68}},"101":{"start":{"line":102,"column":0},"end":{"line":102,"column":72}},"102":{"start":{"line":103,"column":0},"end":{"line":103,"column":58}},"103":{"start":{"line":104,"column":0},"end":{"line":104,"column":56}},"104":{"start":{"line":105,"column":0},"end":{"line":105,"column":60}},"105":{"start":{"line":106,"column":0},"end":{"line":106,"column":76}},"106":{"start":{"line":107,"column":0},"end":{"line":107,"column":76}},"107":{"start":{"line":108,"column":0},"end":{"line":108,"column":72}},"108":{"start":{"line":109,"column":0},"end":{"line":109,"column":68}}},"s":{"0":1,"1":1,"2":1,"3":1,"4":1,"5":1,"6":1,"7":1,"8":1,"9":1,"10":1,"11":1,"12":1,"13":1,"14":1,"15":1,"16":1,"17":1,"18":1,"19":1,"20":1,"21":1,"22":1,"23":1,"24":1,"25":1,"26":1,"27":1,"28":1,"29":1,"30":1,"31":1,"32":1,"33":1,"34":1,"35":1,"36":1,"37":1,"38":1,"39":1,"40":1,"41":1,"42":1,"43":1,"44":1,"45":1,"46":1,"47":1,"48":1,"49":1,"50":1,"51":1,"52":1,"53":1,"54":1,"55":1,"56":1,"57":1,"58":1,"59":1,"60":1,"61":1,"62":1,"63":1,"64":1,"65":1,"66":1,"67":1,"68":1,"69":1,"70":1,"71":1,"72":1,"73":1,"74":1,"75":1,"76":1,"77":1,"78":1,"79":1,"80":1,"81":1,"82":1,"83":1,"84":1,"85":1,"86":1,"87":1,"88":1,"89":1,"90":1,"91":1,"92":1,"93":1,"94":1,"95":1,"96":1,"97":1,"98":1,"99":1,"100":1,"101":1,"102":1,"103":1,"104":1,"105":1,"106":1,"107":1,"108":1},"branchMap":{},"b":{},"fnMap":{},"f":{}}
,"C:\\Users\\USER\\Desktop\\新增資料夾 (22)\\financial-risk-dashboard\\src\\utils\\colors.ts": {"path":"C:\\Users\\USER\\Desktop\\新增資料夾 (22)\\financial-risk-dashboard\\src\\utils\\colors.ts","all":false,"statementMap":{"0":{"start":{"line":1,"column":0},"end":{"line":1,"column":3}},"1":{"start":{"line":2,"column":0},"end":{"line":2,"column":47}},"2":{"start":{"line":3,"column":0},"end":{"line":3,"column":72}},"3":{"start":{"line":4,"column":0},"end":{"line":4,"column":3}},"4":{"start":{"line":5,"column":0},"end":{"line":5,"column":0}},"5":{"start":{"line":6,"column":0},"end":{"line":6,"column":42}},"6":{"start":{"line":7,"column":0},"end":{"line":7,"column":0}},"7":{"start":{"line":8,"column":0},"end":{"line":8,"column":3}},"8":{"start":{"line":9,"column":0},"end":{"line":9,"column":52}},"9":{"start":{"line":10,"column":0},"end":{"line":10,"column":62}},"10":{"start":{"line":11,"column":0},"end":{"line":11,"column":3}},"11":{"start":{"line":12,"column":0},"end":{"line":12,"column":29}},"12":{"start":{"line":13,"column":0},"end":{"line":13,"column":42}},"13":{"start":{"line":14,"column":0},"end":{"line":14,"column":9}},"14":{"start":{"line":15,"column":0},"end":{"line":15,"column":35}},"15":{"start":{"line":16,"column":0},"end":{"line":16,"column":34}},"16":{"start":{"line":17,"column":0},"end":{"line":17,"column":36}},"17":{"start":{"line":18,"column":0},"end":{"line":18,"column":32}},"18":{"start":{"line":19,"column":0},"end":{"line":19,"column":4}},"19":{"start":{"line":20,"column":0},"end":{"line":20,"column":17}},"20":{"start":{"line":21,"column":0},"end":{"line":21,"column":10}},"21":{"start":{"line":22,"column":0},"end":{"line":22,"column":35}},"22":{"start":{"line":23,"column":0},"end":{"line":23,"column":38}},"23":{"start":{"line":24,"column":0},"end":{"line":24,"column":38}},"24":{"start":{"line":25,"column":0},"end":{"line":25,"column":39}},"25":{"start":{"line":26,"column":0},"end":{"line":26,"column":4}},"26":{"start":{"line":27,"column":0},"end":{"line":27,"column":16}},"27":{"start":{"line":28,"column":0},"end":{"line":28,"column":9}},"28":{"start":{"line":29,"column":0},"end":{"line":29,"column":36}},"29":{"start":{"line":30,"column":0},"end":{"line":30,"column":38}},"30":{"start":{"line":31,"column":0},"end":{"line":31,"column":37}},"31":{"start":{"line":32,"column":0},"end":{"line":32,"column":4}},"32":{"start":{"line":33,"column":0},"end":{"line":33,"column":22}},"33":{"start":{"line":34,"column":0},"end":{"line":34,"column":15}},"34":{"start":{"line":35,"column":0},"end":{"line":35,"column":23}},"35":{"start":{"line":36,"column":0},"end":{"line":36,"column":37}},"36":{"start":{"line":37,"column":0},"end":{"line":37,"column":37}},"37":{"start":{"line":38,"column":0},"end":{"line":38,"column":4}},"38":{"start":{"line":39,"column":0},"end":{"line":39,"column":11}},"39":{"start":{"line":40,"column":0},"end":{"line":40,"column":0}},"40":{"start":{"line":41,"column":0},"end":{"line":41,"column":3}},"41":{"start":{"line":42,"column":0},"end":{"line":42,"column":47}},"42":{"start":{"line":43,"column":0},"end":{"line":43,"column":66}},"43":{"start":{"line":44,"column":0},"end":{"line":44,"column":45}},"44":{"start":{"line":45,"column":0},"end":{"line":45,"column":11}},"45":{"start":{"line":46,"column":0},"end":{"line":46,"column":41}},"46":{"start":{"line":47,"column":0},"end":{"line":47,"column":40}},"47":{"start":{"line":48,"column":0},"end":{"line":48,"column":3}},"48":{"start":{"line":49,"column":0},"end":{"line":49,"column":65}},"49":{"start":{"line":50,"column":0},"end":{"line":50,"column":47}},"50":{"start":{"line":51,"column":0},"end":{"line":51,"column":31}},"51":{"start":{"line":52,"column":0},"end":{"line":52,"column":37}},"52":{"start":{"line":53,"column":0},"end":{"line":53,"column":33}},"53":{"start":{"line":54,"column":0},"end":{"line":54,"column":41}},"54":{"start":{"line":55,"column":0},"end":{"line":55,"column":4}},"55":{"start":{"line":56,"column":0},"end":{"line":56,"column":0}},"56":{"start":{"line":57,"column":0},"end":{"line":57,"column":29}},"57":{"start":{"line":58,"column":0},"end":{"line":58,"column":1}}},"s":{"0":1,"1":1,"2":1,"3":1,"4":1,"5":1,"6":1,"7":1,"8":1,"9":1,"10":1,"11":1,"12":1,"13":1,"14":1,"15":1,"16":1,"17":1,"18":1,"19":1,"20":1,"21":1,"22":1,"23":1,"24":1,"25":1,"26":1,"27":1,"28":1,"29":1,"30":1,"31":1,"32":1,"33":1,"34":1,"35":1,"36":1,"37":1,"38":1,"39":1,"40":1,"41":1,"42":1,"43":1,"44":1,"45":1,"46":1,"47":1,"48":1,"49":8,"50":8,"51":8,"52":8,"53":8,"54":8,"55":8,"56":8,"57":8},"branchMap":{"0":{"type":"branch","line":49,"loc":{"start":{"line":49,"column":7},"end":{"line":58,"column":1}},"locations":[{"start":{"line":49,"column":7},"end":{"line":58,"column":1}}]}},"b":{"0":[8]},"fnMap":{"0":{"name":"getRiskLevelColor","decl":{"start":{"line":49,"column":7},"end":{"line":58,"column":1}},"loc":{"start":{"line":49,"column":7},"end":{"line":58,"column":1}},"line":49}},"f":{"0":8}}
,"C:\\Users\\USER\\Desktop\\新增資料夾 (22)\\financial-risk-dashboard\\src\\utils\\errors.ts": {"path":"C:\\Users\\USER\\Desktop\\新增資料夾 (22)\\financial-risk-dashboard\\src\\utils\\errors.ts","all":false,"statementMap":{"0":{"start":{"line":1,"column":0},"end":{"line":1,"column":3}},"1":{"start":{"line":2,"column":0},"end":{"line":2,"column":56}},"2":{"start":{"line":3,"column":0},"end":{"line":3,"column":63}},"3":{"start":{"line":4,"column":0},"end":{"line":4,"column":3}},"4":{"start":{"line":5,"column":0},"end":{"line":5,"column":0}},"5":{"start":{"line":6,"column":0},"end":{"line":6,"column":31}},"6":{"start":{"line":7,"column":0},"end":{"line":7,"column":0}},"7":{"start":{"line":8,"column":0},"end":{"line":8,"column":3}},"8":{"start":{"line":9,"column":0},"end":{"line":9,"column":51}},"9":{"start":{"line":10,"column":0},"end":{"line":10,"column":57}},"10":{"start":{"line":11,"column":0},"end":{"line":11,"column":3}},"11":{"start":{"line":12,"column":0},"end":{"line":12,"column":43}},"12":{"start":{"line":13,"column":0},"end":{"line":13,"column":31}},"13":{"start":{"line":14,"column":0},"end":{"line":14,"column":52}},"14":{"start":{"line":15,"column":0},"end":{"line":15,"column":34}},"15":{"start":{"line":16,"column":0},"end":{"line":16,"column":0}},"16":{"start":{"line":17,"column":0},"end":{"line":17,"column":14}},"17":{"start":{"line":18,"column":0},"end":{"line":18,"column":20}},"18":{"start":{"line":19,"column":0},"end":{"line":19,"column":37}},"19":{"start":{"line":20,"column":0},"end":{"line":20,"column":37}},"20":{"start":{"line":21,"column":0},"end":{"line":21,"column":5}},"21":{"start":{"line":22,"column":0},"end":{"line":22,"column":19}},"22":{"start":{"line":23,"column":0},"end":{"line":23,"column":33}},"23":{"start":{"line":24,"column":0},"end":{"line":24,"column":21}},"24":{"start":{"line":25,"column":0},"end":{"line":25,"column":27}},"25":{"start":{"line":26,"column":0},"end":{"line":26,"column":32}},"26":{"start":{"line":27,"column":0},"end":{"line":27,"column":0}},"27":{"start":{"line":28,"column":0},"end":{"line":28,"column":89}},"28":{"start":{"line":29,"column":0},"end":{"line":29,"column":34}},"29":{"start":{"line":30,"column":0},"end":{"line":30,"column":52}},"30":{"start":{"line":31,"column":0},"end":{"line":31,"column":5}},"31":{"start":{"line":32,"column":0},"end":{"line":32,"column":3}},"32":{"start":{"line":33,"column":0},"end":{"line":33,"column":1}},"33":{"start":{"line":34,"column":0},"end":{"line":34,"column":0}},"34":{"start":{"line":35,"column":0},"end":{"line":35,"column":3}},"35":{"start":{"line":36,"column":0},"end":{"line":36,"column":55}},"36":{"start":{"line":37,"column":0},"end":{"line":37,"column":62}},"37":{"start":{"line":38,"column":0},"end":{"line":38,"column":3}},"38":{"start":{"line":39,"column":0},"end":{"line":39,"column":27}},"39":{"start":{"line":40,"column":0},"end":{"line":40,"column":40}},"40":{"start":{"line":41,"column":0},"end":{"line":41,"column":66}},"41":{"start":{"line":42,"column":0},"end":{"line":42,"column":0}},"42":{"start":{"line":43,"column":0},"end":{"line":43,"column":26}},"43":{"start":{"line":44,"column":0},"end":{"line":44,"column":0}},"44":{"start":{"line":45,"column":0},"end":{"line":45,"column":5}},"45":{"start":{"line":46,"column":0},"end":{"line":46,"column":48}},"46":{"start":{"line":47,"column":0},"end":{"line":47,"column":5}},"47":{"start":{"line":48,"column":0},"end":{"line":48,"column":45}},"48":{"start":{"line":49,"column":0},"end":{"line":49,"column":33}},"49":{"start":{"line":50,"column":0},"end":{"line":50,"column":49}},"50":{"start":{"line":51,"column":0},"end":{"line":51,"column":5}},"51":{"start":{"line":52,"column":0},"end":{"line":52,"column":33}},"52":{"start":{"line":53,"column":0},"end":{"line":53,"column":3}},"53":{"start":{"line":54,"column":0},"end":{"line":54,"column":0}},"54":{"start":{"line":55,"column":0},"end":{"line":55,"column":5}},"55":{"start":{"line":56,"column":0},"end":{"line":56,"column":56}},"56":{"start":{"line":57,"column":0},"end":{"line":57,"column":36}},"57":{"start":{"line":58,"column":0},"end":{"line":58,"column":52}},"58":{"start":{"line":59,"column":0},"end":{"line":59,"column":5}},"59":{"start":{"line":60,"column":0},"end":{"line":60,"column":74}},"60":{"start":{"line":61,"column":0},"end":{"line":61,"column":33}},"61":{"start":{"line":62,"column":0},"end":{"line":62,"column":4}},"62":{"start":{"line":63,"column":0},"end":{"line":63,"column":26}},"63":{"start":{"line":64,"column":0},"end":{"line":64,"column":45}},"64":{"start":{"line":65,"column":0},"end":{"line":65,"column":0}},"65":{"start":{"line":66,"column":0},"end":{"line":66,"column":34}},"66":{"start":{"line":67,"column":0},"end":{"line":67,"column":40}},"67":{"start":{"line":68,"column":0},"end":{"line":68,"column":29}},"68":{"start":{"line":69,"column":0},"end":{"line":69,"column":23}},"69":{"start":{"line":70,"column":0},"end":{"line":70,"column":41}},"70":{"start":{"line":71,"column":0},"end":{"line":71,"column":14}},"71":{"start":{"line":72,"column":0},"end":{"line":72,"column":25}},"72":{"start":{"line":73,"column":0},"end":{"line":73,"column":7}},"73":{"start":{"line":74,"column":0},"end":{"line":74,"column":3}},"74":{"start":{"line":75,"column":0},"end":{"line":75,"column":0}},"75":{"start":{"line":76,"column":0},"end":{"line":76,"column":5}},"76":{"start":{"line":77,"column":0},"end":{"line":77,"column":49}},"77":{"start":{"line":78,"column":0},"end":{"line":78,"column":40}},"78":{"start":{"line":79,"column":0},"end":{"line":79,"column":41}},"79":{"start":{"line":80,"column":0},"end":{"line":80,"column":5}},"80":{"start":{"line":81,"column":0},"end":{"line":81,"column":55}},"81":{"start":{"line":82,"column":0},"end":{"line":82,"column":42}},"82":{"start":{"line":83,"column":0},"end":{"line":83,"column":27}},"83":{"start":{"line":84,"column":0},"end":{"line":84,"column":5}},"84":{"start":{"line":85,"column":0},"end":{"line":85,"column":0}},"85":{"start":{"line":86,"column":0},"end":{"line":86,"column":36}},"86":{"start":{"line":87,"column":0},"end":{"line":87,"column":76}},"87":{"start":{"line":88,"column":0},"end":{"line":88,"column":5}},"88":{"start":{"line":89,"column":0},"end":{"line":89,"column":0}},"89":{"start":{"line":90,"column":0},"end":{"line":90,"column":42}},"90":{"start":{"line":91,"column":0},"end":{"line":91,"column":88}},"91":{"start":{"line":92,"column":0},"end":{"line":92,"column":5}},"92":{"start":{"line":93,"column":0},"end":{"line":93,"column":0}},"93":{"start":{"line":94,"column":0},"end":{"line":94,"column":42}},"94":{"start":{"line":95,"column":0},"end":{"line":95,"column":87}},"95":{"start":{"line":96,"column":0},"end":{"line":96,"column":5}},"96":{"start":{"line":97,"column":0},"end":{"line":97,"column":0}},"97":{"start":{"line":98,"column":0},"end":{"line":98,"column":80}},"98":{"start":{"line":99,"column":0},"end":{"line":99,"column":3}},"99":{"start":{"line":100,"column":0},"end":{"line":100,"column":0}},"100":{"start":{"line":101,"column":0},"end":{"line":101,"column":5}},"101":{"start":{"line":102,"column":0},"end":{"line":102,"column":23}},"102":{"start":{"line":103,"column":0},"end":{"line":103,"column":52}},"103":{"start":{"line":104,"column":0},"end":{"line":104,"column":5}},"104":{"start":{"line":105,"column":0},"end":{"line":105,"column":66}},"105":{"start":{"line":106,"column":0},"end":{"line":106,"column":30}},"106":{"start":{"line":107,"column":0},"end":{"line":107,"column":3}},"107":{"start":{"line":108,"column":0},"end":{"line":108,"column":0}},"108":{"start":{"line":109,"column":0},"end":{"line":109,"column":5}},"109":{"start":{"line":110,"column":0},"end":{"line":110,"column":25}},"110":{"start":{"line":111,"column":0},"end":{"line":111,"column":5}},"111":{"start":{"line":112,"column":0},"end":{"line":112,"column":32}},"112":{"start":{"line":113,"column":0},"end":{"line":113,"column":23}},"113":{"start":{"line":114,"column":0},"end":{"line":114,"column":3}},"114":{"start":{"line":115,"column":0},"end":{"line":115,"column":1}},"115":{"start":{"line":116,"column":0},"end":{"line":116,"column":0}},"116":{"start":{"line":117,"column":0},"end":{"line":117,"column":3}},"117":{"start":{"line":118,"column":0},"end":{"line":118,"column":55}},"118":{"start":{"line":119,"column":0},"end":{"line":119,"column":40}},"119":{"start":{"line":120,"column":0},"end":{"line":120,"column":62}},"120":{"start":{"line":121,"column":0},"end":{"line":121,"column":11}},"121":{"start":{"line":122,"column":0},"end":{"line":122,"column":35}},"122":{"start":{"line":123,"column":0},"end":{"line":123,"column":25}},"123":{"start":{"line":124,"column":0},"end":{"line":124,"column":53}},"124":{"start":{"line":125,"column":0},"end":{"line":125,"column":40}},"125":{"start":{"line":126,"column":0},"end":{"line":126,"column":3}},"126":{"start":{"line":127,"column":0},"end":{"line":127,"column":65}},"127":{"start":{"line":128,"column":0},"end":{"line":128,"column":44}},"128":{"start":{"line":129,"column":0},"end":{"line":129,"column":36}},"129":{"start":{"line":130,"column":0},"end":{"line":130,"column":41}},"130":{"start":{"line":131,"column":0},"end":{"line":131,"column":5}},"131":{"start":{"line":132,"column":0},"end":{"line":132,"column":0}},"132":{"start":{"line":133,"column":0},"end":{"line":133,"column":52}},"133":{"start":{"line":134,"column":0},"end":{"line":134,"column":1}}},"s":{"0":1,"1":1,"2":1,"3":1,"4":1,"5":1,"6":1,"7":1,"8":1,"9":1,"10":1,"11":1,"12":1,"13":29,"14":29,"15":1,"16":1,"17":29,"18":29,"19":29,"20":29,"21":29,"22":29,"23":29,"24":29,"25":29,"26":29,"27":29,"28":29,"29":29,"30":29,"31":29,"32":1,"33":1,"34":1,"35":1,"36":1,"37":1,"38":1,"39":1,"40":1,"41":1,"42":1,"43":1,"44":1,"45":1,"46":1,"47":1,"48":11,"49":1,"50":1,"51":11,"52":11,"53":1,"54":1,"55":1,"56":1,"57":1,"58":1,"59":1,"60":3,"61":3,"62":3,"63":3,"64":3,"65":3,"66":3,"67":3,"68":3,"69":3,"70":3,"71":3,"72":3,"73":3,"74":1,"75":1,"76":1,"77":1,"78":1,"79":1,"80":1,"81":5,"82":1,"83":1,"84":4,"85":5,"86":1,"87":1,"88":3,"89":5,"90":1,"91":1,"92":2,"93":5,"94":1,"95":1,"96":1,"97":1,"98":5,"99":1,"100":1,"101":1,"102":1,"103":1,"104":1,"105":4,"106":4,"107":1,"108":1,"109":1,"110":1,"111":1,"112":10,"113":10,"114":1,"115":1,"116":1,"117":1,"118":1,"119":1,"120":1,"121":1,"122":1,"123":1,"124":1,"125":1,"126":1,"127":3,"128":5,"129":5,"130":3,"131":3,"132":3,"133":3},"branchMap":{"0":{"type":"branch","line":13,"loc":{"start":{"line":13,"column":18},"end":{"line":15,"column":34}},"locations":[{"start":{"line":13,"column":18},"end":{"line":15,"column":34}}]},"1":{"type":"branch","line":17,"loc":{"start":{"line":17,"column":2},"end":{"line":32,"column":3}},"locations":[{"start":{"line":17,"column":2},"end":{"line":32,"column":3}}]},"2":{"type":"branch","line":40,"loc":{"start":{"line":40,"column":2},"end":{"line":40,"column":40}},"locations":[{"start":{"line":40,"column":2},"end":{"line":40,"column":40}}]},"3":{"type":"branch","line":41,"loc":{"start":{"line":41,"column":10},"end":{"line":41,"column":66}},"locations":[{"start":{"line":41,"column":10},"end":{"line":41,"column":66}}]},"4":{"type":"branch","line":43,"loc":{"start":{"line":43,"column":10},"end":{"line":43,"column":26}},"locations":[{"start":{"line":43,"column":10},"end":{"line":43,"column":26}}]},"5":{"type":"branch","line":48,"loc":{"start":{"line":48,"column":16},"end":{"line":53,"column":3}},"locations":[{"start":{"line":48,"column":16},"end":{"line":53,"column":3}}]},"6":{"type":"branch","line":49,"loc":{"start":{"line":49,"column":32},"end":{"line":51,"column":5}},"locations":[{"start":{"line":49,"column":32},"end":{"line":51,"column":5}}]},"7":{"type":"branch","line":60,"loc":{"start":{"line":60,"column":9},"end":{"line":74,"column":3}},"locations":[{"start":{"line":60,"column":9},"end":{"line":74,"column":3}}]},"8":{"type":"branch","line":81,"loc":{"start":{"line":81,"column":9},"end":{"line":99,"column":3}},"locations":[{"start":{"line":81,"column":9},"end":{"line":99,"column":3}}]},"9":{"type":"branch","line":82,"loc":{"start":{"line":82,"column":41},"end":{"line":84,"column":5}},"locations":[{"start":{"line":82,"column":41},"end":{"line":84,"column":5}}]},"10":{"type":"branch","line":84,"loc":{"start":{"line":84,"column":4},"end":{"line":86,"column":35}},"locations":[{"start":{"line":84,"column":4},"end":{"line":86,"column":35}}]},"11":{"type":"branch","line":86,"loc":{"start":{"line":86,"column":35},"end":{"line":88,"column":5}},"locations":[{"start":{"line":86,"column":35},"end":{"line":88,"column":5}}]},"12":{"type":"branch","line":88,"loc":{"start":{"line":88,"column":4},"end":{"line":90,"column":41}},"locations":[{"start":{"line":88,"column":4},"end":{"line":90,"column":41}}]},"13":{"type":"branch","line":90,"loc":{"start":{"line":90,"column":41},"end":{"line":92,"column":5}},"locations":[{"start":{"line":90,"column":41},"end":{"line":92,"column":5}}]},"14":{"type":"branch","line":92,"loc":{"start":{"line":92,"column":4},"end":{"line":94,"column":41}},"locations":[{"start":{"line":92,"column":4},"end":{"line":94,"column":41}}]},"15":{"type":"branch","line":94,"loc":{"start":{"line":94,"column":41},"end":{"line":98,"column":80}},"locations":[{"start":{"line":94,"column":41},"end":{"line":98,"column":80}}]},"16":{"type":"branch","line":105,"loc":{"start":{"line":105,"column":9},"end":{"line":107,"column":3}},"locations":[{"start":{"line":105,"column":9},"end":{"line":107,"column":3}}]},"17":{"type":"branch","line":112,"loc":{"start":{"line":112,"column":9},"end":{"line":114,"column":3}},"locations":[{"start":{"line":112,"column":9},"end":{"line":114,"column":3}}]},"18":{"type":"branch","line":127,"loc":{"start":{"line":127,"column":7},"end":{"line":134,"column":1}},"locations":[{"start":{"line":127,"column":7},"end":{"line":134,"column":1}}]},"19":{"type":"branch","line":128,"loc":{"start":{"line":128,"column":34},"end":{"line":131,"column":3}},"locations":[{"start":{"line":128,"column":34},"end":{"line":131,"column":3}}]}},"b":{"0":[29],"1":[29],"2":[3],"3":[1],"4":[1],"5":[11],"6":[1],"7":[3],"8":[5],"9":[1],"10":[4],"11":[1],"12":[3],"13":[1],"14":[2],"15":[1],"16":[4],"17":[10],"18":[3],"19":[5]},"fnMap":{"0":{"name":"<instance_members_initializer>","decl":{"start":{"line":13,"column":18},"end":{"line":15,"column":34}},"loc":{"start":{"line":13,"column":18},"end":{"line":15,"column":34}},"line":13},"1":{"name":"DashboardError","decl":{"start":{"line":17,"column":2},"end":{"line":32,"column":3}},"loc":{"start":{"line":17,"column":2},"end":{"line":32,"column":3}},"line":17},"2":{"name":"<static_initializer>","decl":{"start":{"line":40,"column":2},"end":{"line":40,"column":40}},"loc":{"start":{"line":40,"column":2},"end":{"line":40,"column":40}},"line":40},"3":{"name":"<instance_members_initializer>","decl":{"start":{"line":41,"column":10},"end":{"line":41,"column":66}},"loc":{"start":{"line":41,"column":10},"end":{"line":41,"column":66}},"line":41},"4":{"name":"ErrorHandler","decl":{"start":{"line":43,"column":10},"end":{"line":43,"column":26}},"loc":{"start":{"line":43,"column":10},"end":{"line":43,"column":26}},"line":43},"5":{"name":"getInstance","decl":{"start":{"line":48,"column":16},"end":{"line":53,"column":3}},"loc":{"start":{"line":48,"column":16},"end":{"line":53,"column":3}},"line":48},"6":{"name":"logError","decl":{"start":{"line":60,"column":9},"end":{"line":74,"column":3}},"loc":{"start":{"line":60,"column":9},"end":{"line":74,"column":3}},"line":60},"7":{"name":"getUserFriendlyMessage","decl":{"start":{"line":81,"column":9},"end":{"line":99,"column":3}},"loc":{"start":{"line":81,"column":9},"end":{"line":99,"column":3}},"line":81},"8":{"name":"getErrorLog","decl":{"start":{"line":105,"column":9},"end":{"line":107,"column":3}},"loc":{"start":{"line":105,"column":9},"end":{"line":107,"column":3}},"line":105},"9":{"name":"clearErrorLog","decl":{"start":{"line":112,"column":9},"end":{"line":114,"column":3}},"loc":{"start":{"line":112,"column":9},"end":{"line":114,"column":3}},"line":112},"10":{"name":"formatValidationErrors","decl":{"start":{"line":127,"column":7},"end":{"line":134,"column":1}},"loc":{"start":{"line":127,"column":7},"end":{"line":134,"column":1}},"line":127}},"f":{"0":29,"1":29,"2":3,"3":1,"4":1,"5":11,"6":3,"7":5,"8":4,"9":10,"10":3}}
,"C:\\Users\\USER\\Desktop\\新增資料夾 (22)\\financial-risk-dashboard\\src\\utils\\formatters.ts": {"path":"C:\\Users\\USER\\Desktop\\新增資料夾 (22)\\financial-risk-dashboard\\src\\utils\\formatters.ts","all":false,"statementMap":{"0":{"start":{"line":1,"column":0},"end":{"line":1,"column":3}},"1":{"start":{"line":2,"column":0},"end":{"line":2,"column":59}},"2":{"start":{"line":3,"column":0},"end":{"line":3,"column":63}},"3":{"start":{"line":4,"column":0},"end":{"line":4,"column":3}},"4":{"start":{"line":5,"column":0},"end":{"line":5,"column":0}},"5":{"start":{"line":6,"column":0},"end":{"line":6,"column":3}},"6":{"start":{"line":7,"column":0},"end":{"line":7,"column":53}},"7":{"start":{"line":8,"column":0},"end":{"line":8,"column":38}},"8":{"start":{"line":9,"column":0},"end":{"line":9,"column":53}},"9":{"start":{"line":10,"column":0},"end":{"line":10,"column":11}},"10":{"start":{"line":11,"column":0},"end":{"line":11,"column":53}},"11":{"start":{"line":12,"column":0},"end":{"line":12,"column":43}},"12":{"start":{"line":13,"column":0},"end":{"line":13,"column":3}},"13":{"start":{"line":14,"column":0},"end":{"line":14,"column":67}},"14":{"start":{"line":15,"column":0},"end":{"line":15,"column":39}},"15":{"start":{"line":16,"column":0},"end":{"line":16,"column":1}},"16":{"start":{"line":17,"column":0},"end":{"line":17,"column":0}},"17":{"start":{"line":18,"column":0},"end":{"line":18,"column":3}},"18":{"start":{"line":19,"column":0},"end":{"line":19,"column":65}},"19":{"start":{"line":20,"column":0},"end":{"line":20,"column":76}},"20":{"start":{"line":21,"column":0},"end":{"line":21,"column":71}},"21":{"start":{"line":22,"column":0},"end":{"line":22,"column":91}},"22":{"start":{"line":23,"column":0},"end":{"line":23,"column":39}},"23":{"start":{"line":24,"column":0},"end":{"line":24,"column":11}},"24":{"start":{"line":25,"column":0},"end":{"line":25,"column":42}},"25":{"start":{"line":26,"column":0},"end":{"line":26,"column":47}},"26":{"start":{"line":27,"column":0},"end":{"line":27,"column":37}},"27":{"start":{"line":28,"column":0},"end":{"line":28,"column":3}},"28":{"start":{"line":29,"column":0},"end":{"line":29,"column":33}},"29":{"start":{"line":30,"column":0},"end":{"line":30,"column":16}},"30":{"start":{"line":31,"column":0},"end":{"line":31,"column":28}},"31":{"start":{"line":32,"column":0},"end":{"line":32,"column":28}},"32":{"start":{"line":33,"column":0},"end":{"line":33,"column":11}},"33":{"start":{"line":34,"column":0},"end":{"line":34,"column":55}},"34":{"start":{"line":35,"column":0},"end":{"line":35,"column":51}},"35":{"start":{"line":36,"column":0},"end":{"line":36,"column":1}},"36":{"start":{"line":37,"column":0},"end":{"line":37,"column":0}},"37":{"start":{"line":38,"column":0},"end":{"line":38,"column":3}},"38":{"start":{"line":39,"column":0},"end":{"line":39,"column":44}},"39":{"start":{"line":40,"column":0},"end":{"line":40,"column":50}},"40":{"start":{"line":41,"column":0},"end":{"line":41,"column":39}},"41":{"start":{"line":42,"column":0},"end":{"line":42,"column":11}},"42":{"start":{"line":43,"column":0},"end":{"line":43,"column":36}},"43":{"start":{"line":44,"column":0},"end":{"line":44,"column":34}},"44":{"start":{"line":45,"column":0},"end":{"line":45,"column":3}},"45":{"start":{"line":46,"column":0},"end":{"line":46,"column":56}},"46":{"start":{"line":47,"column":0},"end":{"line":47,"column":26}},"47":{"start":{"line":48,"column":0},"end":{"line":48,"column":1}}},"s":{"0":1,"1":1,"2":1,"3":1,"4":1,"5":1,"6":1,"7":1,"8":1,"9":1,"10":1,"11":1,"12":1,"13":1,"14":10,"15":10,"16":1,"17":1,"18":1,"19":1,"20":1,"21":1,"22":1,"23":1,"24":1,"25":1,"26":1,"27":1,"28":1,"29":11,"30":11,"31":11,"32":11,"33":11,"34":11,"35":11,"36":1,"37":1,"38":1,"39":1,"40":1,"41":1,"42":1,"43":1,"44":1,"45":1,"46":9,"47":9},"branchMap":{"0":{"type":"branch","line":14,"loc":{"start":{"line":14,"column":7},"end":{"line":16,"column":1}},"locations":[{"start":{"line":14,"column":7},"end":{"line":16,"column":1}}]},"1":{"type":"branch","line":29,"loc":{"start":{"line":29,"column":7},"end":{"line":36,"column":1}},"locations":[{"start":{"line":29,"column":7},"end":{"line":36,"column":1}}]},"2":{"type":"branch","line":34,"loc":{"start":{"line":34,"column":23},"end":{"line":34,"column":49}},"locations":[{"start":{"line":34,"column":23},"end":{"line":34,"column":49}}]},"3":{"type":"branch","line":34,"loc":{"start":{"line":34,"column":43},"end":{"line":34,"column":55}},"locations":[{"start":{"line":34,"column":43},"end":{"line":34,"column":55}}]},"4":{"type":"branch","line":46,"loc":{"start":{"line":46,"column":7},"end":{"line":48,"column":1}},"locations":[{"start":{"line":46,"column":7},"end":{"line":48,"column":1}}]}},"b":{"0":[10],"1":[11],"2":[3],"3":[8],"4":[9]},"fnMap":{"0":{"name":"formatNumberWithSeparators","decl":{"start":{"line":14,"column":7},"end":{"line":16,"column":1}},"loc":{"start":{"line":14,"column":7},"end":{"line":16,"column":1}},"line":14},"1":{"name":"formatPercentage","decl":{"start":{"line":29,"column":7},"end":{"line":36,"column":1}},"loc":{"start":{"line":29,"column":7},"end":{"line":36,"column":1}},"line":29},"2":{"name":"formatRiskScore","decl":{"start":{"line":46,"column":7},"end":{"line":48,"column":1}},"loc":{"start":{"line":46,"column":7},"end":{"line":48,"column":1}},"line":46}},"f":{"0":10,"1":11,"2":9}}
,"C:\\Users\\USER\\Desktop\\新增資料夾 (22)\\financial-risk-dashboard\\src\\utils\\index.ts": {"path":"C:\\Users\\USER\\Desktop\\新增資料夾 (22)\\financial-risk-dashboard\\src\\utils\\index.ts","all":true,"statementMap":{"0":{"start":{"line":1,"column":0},"end":{"line":1,"column":3}},"1":{"start":{"line":2,"column":0},"end":{"line":2,"column":49}},"2":{"start":{"line":3,"column":0},"end":{"line":3,"column":47}},"3":{"start":{"line":4,"column":0},"end":{"line":4,"column":3}},"4":{"start":{"line":5,"column":0},"end":{"line":5,"column":0}},"5":{"start":{"line":6,"column":0},"end":{"line":6,"column":30}},"6":{"start":{"line":7,"column":0},"end":{"line":7,"column":8}},"7":{"start":{"line":8,"column":0},"end":{"line":8,"column":29}},"8":{"start":{"line":9,"column":0},"end":{"line":9,"column":19}},"9":{"start":{"line":10,"column":0},"end":{"line":10,"column":18}},"10":{"start":{"line":11,"column":0},"end":{"line":11,"column":22}},"11":{"start":{"line":12,"column":0},"end":{"line":12,"column":0}},"12":{"start":{"line":13,"column":0},"end":{"line":13,"column":18}},"13":{"start":{"line":14,"column":0},"end":{"line":14,"column":8}},"14":{"start":{"line":15,"column":0},"end":{"line":15,"column":15}},"15":{"start":{"line":16,"column":0},"end":{"line":16,"column":20}},"16":{"start":{"line":17,"column":0},"end":{"line":17,"column":18}},"17":{"start":{"line":18,"column":0},"end":{"line":18,"column":0}},"18":{"start":{"line":19,"column":0},"end":{"line":19,"column":27}},"19":{"start":{"line":20,"column":0},"end":{"line":20,"column":8}},"20":{"start":{"line":21,"column":0},"end":{"line":21,"column":17}},"21":{"start":{"line":22,"column":0},"end":{"line":22,"column":15}},"22":{"start":{"line":23,"column":0},"end":{"line":23,"column":25}},"23":{"start":{"line":24,"column":0},"end":{"line":24,"column":18}}},"s":{"0":0,"1":0,"2":0,"3":0,"4":0,"5":0,"6":0,"7":0,"8":0,"9":0,"10":0,"11":0,"12":0,"13":0,"14":0,"15":0,"16":0,"17":0,"18":0,"19":0,"20":0,"21":0,"22":0,"23":0},"branchMap":{"0":{"type":"branch","line":1,"loc":{"start":{"line":1,"column":463},"end":{"line":24,"column":18}},"locations":[{"start":{"line":1,"column":463},"end":{"line":24,"column":18}}]}},"b":{"0":[0]},"fnMap":{"0":{"name":"(empty-report)","decl":{"start":{"line":1,"column":463},"end":{"line":24,"column":18}},"loc":{"start":{"line":1,"column":463},"end":{"line":24,"column":18}},"line":1}},"f":{"0":0}}
,"C:\\Users\\USER\\Desktop\\新增資料夾 (22)\\src\\App.tsx": {"path":"C:\\Users\\USER\\Desktop\\新增資料夾 (22)\\src\\App.tsx","all":false,"statementMap":{"0":{"start":{"line":1,"column":0},"end":{"line":1,"column":16}},"1":{"start":{"line":2,"column":0},"end":{"line":2,"column":10}},"2":{"start":{"line":3,"column":0},"end":{"line":3,"column":58}},"3":{"start":{"line":4,"column":0},"end":{"line":4,"column":51}},"4":{"start":{"line":5,"column":0},"end":{"line":5,"column":66}},"5":{"start":{"line":6,"column":0},"end":{"line":6,"column":34}},"6":{"start":{"line":7,"column":0},"end":{"line":7,"column":13}},"7":{"start":{"line":8,"column":0},"end":{"line":8,"column":43}},"8":{"start":{"line":9,"column":0},"end":{"line":9,"column":61}},"9":{"start":{"line":10,"column":0},"end":{"line":10,"column":12}},"10":{"start":{"line":11,"column":0},"end":{"line":11,"column":12}},"11":{"start":{"line":12,"column":0},"end":{"line":12,"column":10}},"12":{"start":{"line":13,"column":0},"end":{"line":13,"column":3}},"13":{"start":{"line":14,"column":0},"end":{"line":14,"column":1}},"14":{"start":{"line":15,"column":0},"end":{"line":15,"column":0}},"15":{"start":{"line":16,"column":0},"end":{"line":16,"column":18}}},"s":{"0":2,"1":2,"2":2,"3":2,"4":2,"5":2,"6":2,"7":2,"8":2,"9":2,"10":2,"11":2,"12":2,"13":2,"14":1,"15":1},"branchMap":{"0":{"type":"branch","line":1,"loc":{"start":{"line":1,"column":0},"end":{"line":14,"column":1}},"locations":[{"start":{"line":1,"column":0},"end":{"line":14,"column":1}}]}},"b":{"0":[2]},"fnMap":{"0":{"name":"App","decl":{"start":{"line":1,"column":0},"end":{"line":14,"column":1}},"loc":{"start":{"line":1,"column":0},"end":{"line":14,"column":1}},"line":1}},"f":{"0":2}}
,"C:\\Users\\USER\\Desktop\\新增資料夾 (22)\\src\\main.tsx": {"path":"C:\\Users\\USER\\Desktop\\新增資料夾 (22)\\src\\main.tsx","all":true,"statementMap":{"0":{"start":{"line":1,"column":0},"end":{"line":1,"column":25}},"1":{"start":{"line":2,"column":0},"end":{"line":2,"column":39}},"2":{"start":{"line":3,"column":0},"end":{"line":3,"column":27}},"3":{"start":{"line":4,"column":0},"end":{"line":4,"column":20}},"4":{"start":{"line":5,"column":0},"end":{"line":5,"column":0}},"5":{"start":{"line":6,"column":0},"end":{"line":6,"column":61}},"6":{"start":{"line":7,"column":0},"end":{"line":7,"column":20}},"7":{"start":{"line":8,"column":0},"end":{"line":8,"column":11}},"8":{"start":{"line":9,"column":0},"end":{"line":9,"column":22}},"9":{"start":{"line":10,"column":0},"end":{"line":10,"column":1}}},"s":{"0":0,"1":0,"2":0,"3":0,"4":0,"5":0,"6":0,"7":0,"8":0,"9":0},"branchMap":{"0":{"type":"branch","line":1,"loc":{"start":{"line":1,"column":244},"end":{"line":10,"column":1}},"locations":[{"start":{"line":1,"column":244},"end":{"line":10,"column":1}}]}},"b":{"0":[0]},"fnMap":{"0":{"name":"(empty-report)","decl":{"start":{"line":1,"column":244},"end":{"line":10,"column":1}},"loc":{"start":{"line":1,"column":244},"end":{"line":10,"column":1}},"line":1}},"f":{"0":0}}
}
