TN:
SF:.eslintrc.cjs
FN:1,(empty-report)
FNF:1
FNH:0
FNDA:0,(empty-report)
DA:1,0
DA:2,0
DA:3,0
DA:4,0
DA:5,0
DA:6,0
DA:7,0
DA:8,0
DA:9,0
DA:10,0
DA:11,0
DA:12,0
DA:13,0
DA:14,0
DA:15,0
DA:16,0
DA:17,0
DA:18,0
LF:18
LH:0
BRDA:1,0,0,0
BRF:1
BRH:0
end_of_record
TN:
SF:financial-risk-dashboard\src\data\APIProcessor.ts
FN:7,APIProcessor
FN:14,fetchData
FN:36,makeRequest
FN:75,calculateBackoffDelay
FN:85,delay
FN:95,validateResponse
FN:113,retryWithBackoff
FNF:7
FNH:7
FNDA:13,APIProcessor
FNDA:10,fetchData
FNDA:19,makeRequest
FNDA:14,calculateBackoffDelay
FNDA:14,delay
FNDA:6,validateResponse
FNDA:4,retryWithBackoff
DA:1,1
DA:2,1
DA:3,1
DA:4,1
DA:5,1
DA:6,1
DA:7,1
DA:8,1
DA:9,1
DA:10,1
DA:11,1
DA:12,1
DA:13,1
DA:14,1
DA:15,10
DA:16,10
DA:17,6
DA:18,6
DA:19,6
DA:20,6
DA:21,6
DA:22,6
DA:23,0
DA:24,6
DA:25,6
DA:26,6
DA:27,6
DA:28,6
DA:29,10
DA:30,1
DA:31,1
DA:32,1
DA:33,1
DA:34,1
DA:35,1
DA:36,1
DA:37,19
DA:38,19
DA:39,19
DA:40,19
DA:41,19
DA:42,16
DA:43,19
DA:44,10
DA:45,10
DA:46,6
DA:47,6
DA:48,19
DA:49,13
DA:50,13
DA:51,9
DA:52,9
DA:53,9
DA:54,9
DA:55,4
DA:56,4
DA:57,4
DA:58,4
DA:59,13
DA:60,13
DA:61,13
DA:62,13
DA:63,13
DA:64,13
DA:65,13
DA:66,13
DA:67,13
DA:68,19
DA:69,1
DA:70,1
DA:71,1
DA:72,1
DA:73,1
DA:74,1
DA:75,1
DA:76,14
DA:77,14
DA:78,14
DA:79,1
DA:80,1
DA:81,1
DA:82,1
DA:83,1
DA:84,1
DA:85,1
DA:86,14
DA:87,14
DA:88,1
DA:89,1
DA:90,1
DA:91,1
DA:92,1
DA:93,1
DA:94,1
DA:95,1
DA:96,6
DA:97,6
DA:98,6
DA:99,2
DA:100,2
DA:101,2
DA:102,2
DA:103,2
DA:104,2
DA:105,6
DA:106,1
DA:107,1
DA:108,1
DA:109,1
DA:110,1
DA:111,1
DA:112,1
DA:113,1
DA:114,4
DA:115,4
DA:116,4
DA:117,9
DA:118,9
DA:119,9
DA:120,7
DA:121,7
DA:122,7
DA:123,5
DA:124,5
DA:125,5
DA:126,7
DA:127,9
DA:128,2
DA:129,2
DA:130,4
DA:131,4
DA:132,4
DA:133,4
DA:134,4
DA:135,4
DA:136,4
DA:137,4
DA:138,1
LF:138
LH:137
BRDA:7,0,0,13
BRDA:14,1,0,10
BRDA:16,2,0,6
BRDA:22,3,0,0
BRDA:24,4,0,0
BRDA:26,5,0,0
BRDA:26,6,0,0
BRDA:36,7,0,19
BRDA:40,8,0,3
BRDA:41,9,0,16
BRDA:43,10,0,10
BRDA:45,11,0,6
BRDA:48,12,0,13
BRDA:50,13,0,9
BRDA:54,14,0,4
BRDA:59,15,0,0
BRDA:64,16,0,4
BRDA:64,17,0,0
BRDA:75,18,0,14
BRDA:85,19,0,14
BRDA:86,20,0,14
BRDA:95,21,0,6
BRDA:98,22,0,2
BRDA:100,23,0,0
BRDA:102,24,0,0
BRDA:113,25,0,4
BRDA:116,26,0,9
BRDA:119,27,0,7
BRDA:120,28,0,0
BRDA:122,29,0,5
BRDA:127,30,0,2
BRDA:130,31,0,0
BRDA:134,32,0,2
BRDA:134,33,0,0
BRF:34
BRH:23
end_of_record
TN:
SF:financial-risk-dashboard\src\data\CSVProcessor.ts
FN:20,parseFile
FN:50,readFileAsText
FN:53,reader.onload
FN:54,reader.onerror
FN:64,parseCSV
FN:69,transformHeader
FN:98,validateData
FN:171,transformData
FN:216,parseRiskFactors
FN:237,parseFeatureValues
FNF:10
FNH:9
FNDA:24,parseFile
FNDA:24,readFileAsText
FNDA:24,reader.onload
FNDA:0,reader.onerror
FNDA:24,parseCSV
FNDA:132,transformHeader
FNDA:22,validateData
FNDA:8,transformData
FNDA:13,parseRiskFactors
FNDA:13,parseFeatureValues
DA:1,1
DA:2,1
DA:3,1
DA:4,1
DA:5,1
DA:6,1
DA:7,1
DA:8,1
DA:9,1
DA:10,1
DA:11,1
DA:12,1
DA:13,1
DA:14,1
DA:15,1
DA:16,1
DA:17,1
DA:18,1
DA:19,1
DA:20,1
DA:21,24
DA:22,24
DA:23,24
DA:24,24
DA:25,24
DA:26,24
DA:27,24
DA:28,24
DA:29,24
DA:30,24
DA:31,24
DA:32,24
DA:33,24
DA:34,16
DA:35,16
DA:36,16
DA:37,0
DA:38,16
DA:39,16
DA:40,16
DA:41,16
DA:42,16
DA:43,24
DA:44,1
DA:45,1
DA:46,1
DA:47,1
DA:48,1
DA:49,1
DA:50,1
DA:51,24
DA:52,24
DA:53,24
DA:54,24
DA:55,24
DA:56,24
DA:57,24
DA:58,1
DA:59,1
DA:60,1
DA:61,1
DA:62,1
DA:63,1
DA:64,1
DA:65,24
DA:66,24
DA:67,24
DA:68,24
DA:69,24
DA:70,24
DA:71,24
DA:72,24
DA:73,2
DA:74,2
DA:75,2
DA:76,2
DA:77,2
DA:78,2
DA:79,2
DA:80,2
DA:81,22
DA:82,24
DA:83,0
DA:84,0
DA:85,0
DA:86,0
DA:87,0
DA:88,22
DA:89,22
DA:90,24
DA:91,1
DA:92,1
DA:93,1
DA:94,1
DA:95,1
DA:96,1
DA:97,1
DA:98,1
DA:99,22
DA:100,22
DA:101,22
DA:102,22
DA:103,22
DA:104,22
DA:105,22
DA:106,22
DA:107,22
DA:108,3
DA:109,3
DA:110,3
DA:111,3
DA:112,3
DA:113,22
DA:114,19
DA:115,19
DA:116,19
DA:117,53
DA:118,53
DA:119,53
DA:120,53
DA:121,2
DA:122,2
DA:123,2
DA:124,2
DA:125,2
DA:126,2
DA:127,53
DA:128,53
DA:129,53
DA:130,35
DA:131,35
DA:132,35
DA:133,35
DA:134,35
DA:135,35
DA:136,53
DA:137,53
DA:138,53
DA:139,53
DA:140,33
DA:141,33
DA:142,33
DA:143,33
DA:144,33
DA:145,33
DA:146,19
DA:147,19
DA:148,22
DA:149,11
DA:150,11
DA:151,11
DA:152,11
DA:153,11
DA:154,11
DA:155,11
DA:156,11
DA:157,11
DA:158,11
DA:159,11
DA:160,11
DA:161,11
DA:162,8
DA:163,8
DA:164,22
DA:165,1
DA:166,1
DA:167,1
DA:168,1
DA:169,1
DA:170,1
DA:171,1
DA:172,8
DA:173,8
DA:174,13
DA:175,13
DA:176,13
DA:177,13
DA:178,13
DA:179,13
DA:180,8
DA:181,8
DA:182,8
DA:183,8
DA:184,8
DA:185,8
DA:186,8
DA:187,8
DA:188,8
DA:189,8
DA:190,8
DA:191,8
DA:192,8
DA:193,8
DA:194,8
DA:195,8
DA:196,8
DA:197,8
DA:198,8
DA:199,8
DA:200,8
DA:201,8
DA:202,8
DA:203,0
DA:204,0
DA:205,0
DA:206,0
DA:207,0
DA:208,0
DA:209,8
DA:210,1
DA:211,1
DA:212,1
DA:213,1
DA:214,1
DA:215,1
DA:216,1
DA:217,13
DA:218,1
DA:219,1
DA:220,1
DA:221,1
DA:222,1
DA:223,0
DA:224,0
DA:225,0
DA:226,0
DA:227,0
DA:228,0
DA:229,0
DA:230,13
DA:231,1
DA:232,1
DA:233,1
DA:234,1
DA:235,1
DA:236,1
DA:237,1
DA:238,13
DA:239,1
DA:240,1
DA:241,1
DA:242,1
DA:243,1
DA:244,13
DA:245,0
DA:246,0
DA:247,0
DA:248,0
DA:249,0
DA:250,0
DA:251,13
DA:252,1
LF:252
LH:227
BRDA:20,0,0,24
BRDA:33,1,0,16
BRDA:36,2,0,0
BRDA:38,3,0,0
BRDA:40,4,0,0
BRDA:40,5,0,0
BRDA:50,6,0,24
BRDA:51,7,0,24
BRDA:53,8,0,24
BRDA:64,9,0,24
BRDA:72,10,0,2
BRDA:80,11,0,22
BRDA:82,12,0,0
BRDA:87,13,0,22
BRDA:69,14,0,132
BRDA:74,15,0,2
BRDA:98,16,0,22
BRDA:107,17,0,3
BRDA:113,18,0,19
BRDA:148,19,0,11
BRDA:154,20,0,2
BRDA:154,21,0,9
BRDA:161,22,0,8
BRDA:105,23,0,66
BRDA:116,24,0,53
BRDA:120,25,0,51
BRDA:120,26,0,2
BRDA:129,27,0,51
BRDA:129,28,0,35
BRDA:139,29,0,33
BRDA:151,30,0,30
BRDA:171,31,0,8
BRDA:202,32,0,0
BRDA:173,33,0,13
BRDA:179,34,0,12
BRDA:216,35,0,13
BRDA:217,36,0,12
BRDA:217,37,0,1
BRDA:222,38,0,0
BRDA:237,39,0,13
BRDA:238,40,0,12
BRDA:238,41,0,1
BRDA:243,42,0,0
BRDA:244,43,0,0
BRF:44
BRH:35
end_of_record
TN:
SF:financial-risk-dashboard\src\data\index.ts
FN:1,(empty-report)
FNF:1
FNH:0
FNDA:0,(empty-report)
DA:1,0
DA:2,0
DA:3,0
DA:4,0
LF:4
LH:0
BRDA:1,0,0,0
BRF:1
BRH:0
end_of_record
TN:
SF:financial-risk-dashboard\src\types\schemas.ts
FNF:0
FNH:0
DA:1,1
DA:2,1
DA:3,1
DA:4,1
DA:5,1
DA:6,1
DA:7,1
DA:8,1
DA:9,1
DA:10,1
DA:11,1
DA:12,1
DA:13,1
DA:14,1
DA:15,1
DA:16,1
DA:17,1
DA:18,1
DA:19,1
DA:20,1
DA:21,1
DA:22,1
DA:23,1
DA:24,1
DA:25,1
DA:26,1
DA:27,1
DA:28,1
DA:29,1
DA:30,1
DA:31,1
DA:32,1
DA:33,1
DA:34,1
DA:35,1
DA:36,1
DA:37,1
DA:38,1
DA:39,1
DA:40,1
DA:41,1
DA:42,1
DA:43,1
DA:44,1
DA:45,1
DA:46,1
DA:47,1
DA:48,1
DA:49,1
DA:50,1
DA:51,1
DA:52,1
DA:53,1
DA:54,1
DA:55,1
DA:56,1
DA:57,1
DA:58,1
DA:59,1
DA:60,1
DA:61,1
DA:62,1
DA:63,1
DA:64,1
DA:65,1
DA:66,1
DA:67,1
DA:68,1
DA:69,1
DA:70,1
DA:71,1
DA:72,1
DA:73,1
DA:74,1
DA:75,1
DA:76,1
DA:77,1
DA:78,1
DA:79,1
DA:80,1
DA:81,1
DA:82,1
DA:83,1
DA:84,1
DA:85,1
DA:86,1
DA:87,1
DA:88,1
DA:89,1
DA:90,1
DA:91,1
DA:92,1
DA:93,1
DA:94,1
DA:95,1
DA:96,1
DA:97,1
DA:98,1
DA:99,1
DA:100,1
DA:101,1
DA:102,1
DA:103,1
DA:104,1
DA:105,1
DA:106,1
DA:107,1
DA:108,1
DA:109,1
LF:109
LH:109
BRF:0
BRH:0
end_of_record
TN:
SF:financial-risk-dashboard\src\utils\colors.ts
FN:49,getRiskLevelColor
FNF:1
FNH:1
FNDA:8,getRiskLevelColor
DA:1,1
DA:2,1
DA:3,1
DA:4,1
DA:5,1
DA:6,1
DA:7,1
DA:8,1
DA:9,1
DA:10,1
DA:11,1
DA:12,1
DA:13,1
DA:14,1
DA:15,1
DA:16,1
DA:17,1
DA:18,1
DA:19,1
DA:20,1
DA:21,1
DA:22,1
DA:23,1
DA:24,1
DA:25,1
DA:26,1
DA:27,1
DA:28,1
DA:29,1
DA:30,1
DA:31,1
DA:32,1
DA:33,1
DA:34,1
DA:35,1
DA:36,1
DA:37,1
DA:38,1
DA:39,1
DA:40,1
DA:41,1
DA:42,1
DA:43,1
DA:44,1
DA:45,1
DA:46,1
DA:47,1
DA:48,1
DA:49,1
DA:50,8
DA:51,8
DA:52,8
DA:53,8
DA:54,8
DA:55,8
DA:56,8
DA:57,8
DA:58,8
LF:58
LH:58
BRDA:49,0,0,8
BRF:1
BRH:1
end_of_record
TN:
SF:financial-risk-dashboard\src\utils\errors.ts
FN:13,<instance_members_initializer>
FN:17,DashboardError
FN:40,<static_initializer>
FN:41,<instance_members_initializer>
FN:43,ErrorHandler
FN:48,getInstance
FN:60,logError
FN:81,getUserFriendlyMessage
FN:105,getErrorLog
FN:112,clearErrorLog
FN:127,formatValidationErrors
FNF:11
FNH:11
FNDA:29,<instance_members_initializer>
FNDA:29,DashboardError
FNDA:3,<static_initializer>
FNDA:1,<instance_members_initializer>
FNDA:1,ErrorHandler
FNDA:11,getInstance
FNDA:3,logError
FNDA:5,getUserFriendlyMessage
FNDA:4,getErrorLog
FNDA:10,clearErrorLog
FNDA:3,formatValidationErrors
DA:1,1
DA:2,1
DA:3,1
DA:4,1
DA:5,1
DA:6,1
DA:7,1
DA:8,1
DA:9,1
DA:10,1
DA:11,1
DA:12,1
DA:13,1
DA:14,29
DA:15,29
DA:16,1
DA:17,1
DA:18,29
DA:19,29
DA:20,29
DA:21,29
DA:22,29
DA:23,29
DA:24,29
DA:25,29
DA:26,29
DA:27,29
DA:28,29
DA:29,29
DA:30,29
DA:31,29
DA:32,29
DA:33,1
DA:34,1
DA:35,1
DA:36,1
DA:37,1
DA:38,1
DA:39,1
DA:40,1
DA:41,1
DA:42,1
DA:43,1
DA:44,1
DA:45,1
DA:46,1
DA:47,1
DA:48,1
DA:49,11
DA:50,1
DA:51,1
DA:52,11
DA:53,11
DA:54,1
DA:55,1
DA:56,1
DA:57,1
DA:58,1
DA:59,1
DA:60,1
DA:61,3
DA:62,3
DA:63,3
DA:64,3
DA:65,3
DA:66,3
DA:67,3
DA:68,3
DA:69,3
DA:70,3
DA:71,3
DA:72,3
DA:73,3
DA:74,3
DA:75,1
DA:76,1
DA:77,1
DA:78,1
DA:79,1
DA:80,1
DA:81,1
DA:82,5
DA:83,1
DA:84,1
DA:85,4
DA:86,5
DA:87,1
DA:88,1
DA:89,3
DA:90,5
DA:91,1
DA:92,1
DA:93,2
DA:94,5
DA:95,1
DA:96,1
DA:97,1
DA:98,1
DA:99,5
DA:100,1
DA:101,1
DA:102,1
DA:103,1
DA:104,1
DA:105,1
DA:106,4
DA:107,4
DA:108,1
DA:109,1
DA:110,1
DA:111,1
DA:112,1
DA:113,10
DA:114,10
DA:115,1
DA:116,1
DA:117,1
DA:118,1
DA:119,1
DA:120,1
DA:121,1
DA:122,1
DA:123,1
DA:124,1
DA:125,1
DA:126,1
DA:127,1
DA:128,3
DA:129,5
DA:130,5
DA:131,3
DA:132,3
DA:133,3
DA:134,3
LF:134
LH:134
BRDA:13,0,0,29
BRDA:17,1,0,29
BRDA:40,2,0,3
BRDA:41,3,0,1
BRDA:43,4,0,1
BRDA:48,5,0,11
BRDA:49,6,0,1
BRDA:60,7,0,3
BRDA:81,8,0,5
BRDA:82,9,0,1
BRDA:84,10,0,4
BRDA:86,11,0,1
BRDA:88,12,0,3
BRDA:90,13,0,1
BRDA:92,14,0,2
BRDA:94,15,0,1
BRDA:105,16,0,4
BRDA:112,17,0,10
BRDA:127,18,0,3
BRDA:128,19,0,5
BRF:20
BRH:20
end_of_record
TN:
SF:financial-risk-dashboard\src\utils\formatters.ts
FN:14,formatNumberWithSeparators
FN:29,formatPercentage
FN:46,formatRiskScore
FNF:3
FNH:3
FNDA:10,formatNumberWithSeparators
FNDA:11,formatPercentage
FNDA:9,formatRiskScore
DA:1,1
DA:2,1
DA:3,1
DA:4,1
DA:5,1
DA:6,1
DA:7,1
DA:8,1
DA:9,1
DA:10,1
DA:11,1
DA:12,1
DA:13,1
DA:14,1
DA:15,10
DA:16,10
DA:17,1
DA:18,1
DA:19,1
DA:20,1
DA:21,1
DA:22,1
DA:23,1
DA:24,1
DA:25,1
DA:26,1
DA:27,1
DA:28,1
DA:29,1
DA:30,11
DA:31,11
DA:32,11
DA:33,11
DA:34,11
DA:35,11
DA:36,11
DA:37,1
DA:38,1
DA:39,1
DA:40,1
DA:41,1
DA:42,1
DA:43,1
DA:44,1
DA:45,1
DA:46,1
DA:47,9
DA:48,9
LF:48
LH:48
BRDA:14,0,0,10
BRDA:29,1,0,11
BRDA:34,2,0,3
BRDA:34,3,0,8
BRDA:46,4,0,9
BRF:5
BRH:5
end_of_record
TN:
SF:financial-risk-dashboard\src\utils\index.ts
FN:1,(empty-report)
FNF:1
FNH:0
FNDA:0,(empty-report)
DA:1,0
DA:2,0
DA:3,0
DA:4,0
DA:5,0
DA:6,0
DA:7,0
DA:8,0
DA:9,0
DA:10,0
DA:11,0
DA:12,0
DA:13,0
DA:14,0
DA:15,0
DA:16,0
DA:17,0
DA:18,0
DA:19,0
DA:20,0
DA:21,0
DA:22,0
DA:23,0
DA:24,0
LF:24
LH:0
BRDA:1,0,0,0
BRF:1
BRH:0
end_of_record
TN:
SF:src\App.tsx
FN:1,App
FNF:1
FNH:1
FNDA:2,App
DA:1,2
DA:2,2
DA:3,2
DA:4,2
DA:5,2
DA:6,2
DA:7,2
DA:8,2
DA:9,2
DA:10,2
DA:11,2
DA:12,2
DA:13,2
DA:14,2
DA:15,1
DA:16,1
LF:16
LH:16
BRDA:1,0,0,2
BRF:1
BRH:1
end_of_record
TN:
SF:src\main.tsx
FN:1,(empty-report)
FNF:1
FNH:0
FNDA:0,(empty-report)
DA:1,0
DA:2,0
DA:3,0
DA:4,0
DA:5,0
DA:6,0
DA:7,0
DA:8,0
DA:9,0
DA:10,0
LF:10
LH:0
BRDA:1,0,0,0
BRF:1
BRH:0
end_of_record
